Processing 90_days window with 1003 records.

Starting fine-tuning for the 90_days data window
{'loss': 12.8893, 'grad_norm': 4.888715744018555, 'learning_rate': 0.0004851891257856689, 'epoch': 0.99}
{'eval_loss': 12.252006530761719, 'eval_mae': 12.252006530761719, 'eval_runtime': 1.5809, 'eval_samples_per_second': 127.143, 'eval_steps_per_second': 16.446, 'epoch': 1.0}
{'loss': 12.5481, 'grad_norm': 4.87410306930542, 'learning_rate': 0.00047067372046001447, 'epoch': 1.98}
{'eval_loss': 12.142631530761719, 'eval_mae': 12.142631530761719, 'eval_runtime': 1.5502, 'eval_samples_per_second': 129.658, 'eval_steps_per_second': 16.772, 'epoch': 2.0}
{'loss': 12.3948, 'grad_norm': 1.8902887105941772, 'learning_rate': 0.00045645080700652585, 'epoch': 2.97}
{'eval_loss': 12.086238861083984, 'eval_mae': 12.086238861083984, 'eval_runtime': 1.525, 'eval_samples_per_second': 131.802, 'eval_steps_per_second': 17.049, 'epoch': 3.0}
{'loss': 12.5675, 'grad_norm': 4.827874183654785, 'learning_rate': 0.00044251740840869273, 'epoch': 3.96}
{'eval_loss': 12.208539009094238, 'eval_mae': 12.208539009094238, 'eval_runtime': 1.5463, 'eval_samples_per_second': 129.99, 'eval_steps_per_second': 16.815, 'epoch': 4.0}
{'loss': 12.5652, 'grad_norm': 4.78239107131958, 'learning_rate': 0.0004288705476500043, 'epoch': 4.95}
{'eval_loss': 12.196189880371094, 'eval_mae': 12.196189880371094, 'eval_runtime': 1.5462, 'eval_samples_per_second': 129.998, 'eval_steps_per_second': 16.816, 'epoch': 5.0}
{'loss': 12.518, 'grad_norm': 1.951538324356079, 'learning_rate': 0.00041550724771395, 'epoch': 5.94}
{'eval_loss': 12.294416427612305, 'eval_mae': 12.294416427612305, 'eval_runtime': 1.5585, 'eval_samples_per_second': 128.973, 'eval_steps_per_second': 16.683, 'epoch': 6.0}
{'loss': 12.4355, 'grad_norm': 9.077951431274414, 'learning_rate': 0.0004024245315840194, 'epoch': 6.93}
{'eval_loss': 12.334424018859863, 'eval_mae': 12.334424018859863, 'eval_runtime': 1.54, 'eval_samples_per_second': 130.515, 'eval_steps_per_second': 16.883, 'epoch': 7.0}
{'loss': 12.8396, 'grad_norm': 4.886592864990234, 'learning_rate': 0.0003896194222437017, 'epoch': 7.92}
{'eval_loss': 12.251842498779297, 'eval_mae': 12.251843452453613, 'eval_runtime': 1.5468, 'eval_samples_per_second': 129.95, 'eval_steps_per_second': 16.809, 'epoch': 8.0}
{'loss': 12.4484, 'grad_norm': 1.851894497871399, 'learning_rate': 0.0003770889426764865, 'epoch': 8.91}
{'eval_loss': 12.32040023803711, 'eval_mae': 12.32040023803711, 'eval_runtime': 1.5755, 'eval_samples_per_second': 127.578, 'eval_steps_per_second': 16.503, 'epoch': 9.0}
{'loss': 12.1917, 'grad_norm': 1.9853688478469849, 'learning_rate': 0.00036483011586586303, 'epoch': 9.9}
{'eval_loss': 12.208466529846191, 'eval_mae': 12.208466529846191, 'eval_runtime': 1.5508, 'eval_samples_per_second': 129.614, 'eval_steps_per_second': 16.766, 'epoch': 10.0}
{'loss': 12.7011, 'grad_norm': 4.894845008850098, 'learning_rate': 0.0003528399647953207, 'epoch': 10.89}
{'eval_loss': 12.24975872039795, 'eval_mae': 12.249759674072266, 'eval_runtime': 1.5375, 'eval_samples_per_second': 130.732, 'eval_steps_per_second': 16.911, 'epoch': 11.0}
{'loss': 12.3639, 'grad_norm': 4.717068195343018, 'learning_rate': 0.0003411155124483492, 'epoch': 11.88}
{'eval_loss': 12.179350852966309, 'eval_mae': 12.179350852966309, 'eval_runtime': 1.5718, 'eval_samples_per_second': 127.88, 'eval_steps_per_second': 16.542, 'epoch': 12.0}
{'loss': 12.4698, 'grad_norm': 4.807271957397461, 'learning_rate': 0.00032965378180843755, 'epoch': 12.87}
{'eval_loss': 12.211546897888184, 'eval_mae': 12.211546897888184, 'eval_runtime': 1.589, 'eval_samples_per_second': 126.493, 'eval_steps_per_second': 16.362, 'epoch': 13.0}
{'loss': 12.6024, 'grad_norm': 1.8934203386306763, 'learning_rate': 0.00031845179585907534, 'epoch': 13.86}
{'eval_loss': 12.20906925201416, 'eval_mae': 12.20906925201416, 'eval_runtime': 1.546, 'eval_samples_per_second': 130.013, 'eval_steps_per_second': 16.818, 'epoch': 14.0}
{'loss': 12.2386, 'grad_norm': 1.9195393323898315, 'learning_rate': 0.0003075065775837519, 'epoch': 14.85}
{'eval_loss': 12.220294952392578, 'eval_mae': 12.220294952392578, 'eval_runtime': 1.5819, 'eval_samples_per_second': 127.066, 'eval_steps_per_second': 16.436, 'epoch': 15.0}
{'loss': 12.8723, 'grad_norm': 2.0376152992248535, 'learning_rate': 0.0002968151499659567, 'epoch': 15.84}
{'eval_loss': 12.193174362182617, 'eval_mae': 12.193174362182617, 'eval_runtime': 1.5551, 'eval_samples_per_second': 129.251, 'eval_steps_per_second': 16.719, 'epoch': 16.0}
{'loss': 12.3527, 'grad_norm': 1.995907187461853, 'learning_rate': 0.0002863745359891793, 'epoch': 16.83}
{'eval_loss': 12.239168167114258, 'eval_mae': 12.239168167114258, 'eval_runtime': 1.5335, 'eval_samples_per_second': 131.077, 'eval_steps_per_second': 16.955, 'epoch': 17.0}
{'loss': 12.4443, 'grad_norm': 8.971173286437988, 'learning_rate': 0.0002761817586369088, 'epoch': 17.82}
{'eval_loss': 12.22365665435791, 'eval_mae': 12.22365665435791, 'eval_runtime': 1.5431, 'eval_samples_per_second': 130.256, 'eval_steps_per_second': 16.849, 'epoch': 18.0}
{'loss': 12.7981, 'grad_norm': 4.929770469665527, 'learning_rate': 0.00026623384089263476, 'epoch': 18.81}
{'eval_loss': 12.193099021911621, 'eval_mae': 12.193099021911621, 'eval_runtime': 1.5424, 'eval_samples_per_second': 130.315, 'eval_steps_per_second': 16.857, 'epoch': 19.0}
{'loss': 12.2062, 'grad_norm': 2.0540311336517334, 'learning_rate': 0.0002565278057398466, 'epoch': 19.8}
{'eval_loss': 12.181587219238281, 'eval_mae': 12.181586265563965, 'eval_runtime': 1.5444, 'eval_samples_per_second': 130.15, 'eval_steps_per_second': 16.835, 'epoch': 20.0}
{'loss': 11.9299, 'grad_norm': 4.794474124908447, 'learning_rate': 0.0002470606761620336, 'epoch': 20.79}
{'eval_loss': 12.189013481140137, 'eval_mae': 12.189013481140137, 'eval_runtime': 1.5287, 'eval_samples_per_second': 131.488, 'eval_steps_per_second': 17.008, 'epoch': 21.0}
{'loss': 13.0438, 'grad_norm': 9.079567909240723, 'learning_rate': 0.00023782947514268543, 'epoch': 21.78}
{'eval_loss': 12.260494232177734, 'eval_mae': 12.260493278503418, 'eval_runtime': 1.561, 'eval_samples_per_second': 128.765, 'eval_steps_per_second': 16.656, 'epoch': 22.0}
{'loss': 12.5857, 'grad_norm': 4.806059837341309, 'learning_rate': 0.0002288312256652912, 'epoch': 22.77}
{'eval_loss': 12.232134819030762, 'eval_mae': 12.232134819030762, 'eval_runtime': 1.5664, 'eval_samples_per_second': 128.321, 'eval_steps_per_second': 16.599, 'epoch': 23.0}
{'loss': 13.0987, 'grad_norm': 4.896281719207764, 'learning_rate': 0.00022006295071334053, 'epoch': 23.76}
{'eval_loss': 12.191001892089844, 'eval_mae': 12.191000938415527, 'eval_runtime': 1.5343, 'eval_samples_per_second': 131.0, 'eval_steps_per_second': 16.945, 'epoch': 24.0}
{'loss': 12.2239, 'grad_norm': 4.916252136230469, 'learning_rate': 0.00021152167327032263, 'epoch': 24.75}
{'eval_loss': 12.194611549377441, 'eval_mae': 12.194610595703125, 'eval_runtime': 1.5735, 'eval_samples_per_second': 127.738, 'eval_steps_per_second': 16.523, 'epoch': 25.0}
{'loss': 12.2307, 'grad_norm': 4.736386299133301, 'learning_rate': 0.00020320441631972703, 'epoch': 25.74}
{'eval_loss': 12.12319278717041, 'eval_mae': 12.12319278717041, 'eval_runtime': 1.5326, 'eval_samples_per_second': 131.153, 'eval_steps_per_second': 16.965, 'epoch': 26.0}
{'loss': 12.359, 'grad_norm': 4.875547885894775, 'learning_rate': 0.0001951082028450432, 'epoch': 26.73}
{'eval_loss': 12.245782852172852, 'eval_mae': 12.245782852172852, 'eval_runtime': 1.5513, 'eval_samples_per_second': 129.568, 'eval_steps_per_second': 16.76, 'epoch': 27.0}
{'loss': 12.7983, 'grad_norm': 4.8710222244262695, 'learning_rate': 0.00018723005582976045, 'epoch': 27.72}
{'eval_loss': 12.131525993347168, 'eval_mae': 12.131525039672852, 'eval_runtime': 1.5595, 'eval_samples_per_second': 128.891, 'eval_steps_per_second': 16.673, 'epoch': 28.0}
{'loss': 12.3958, 'grad_norm': 4.787519454956055, 'learning_rate': 0.0001795669982573681, 'epoch': 28.71}
{'eval_loss': 12.203675270080566, 'eval_mae': 12.203676223754883, 'eval_runtime': 1.5312, 'eval_samples_per_second': 131.268, 'eval_steps_per_second': 16.98, 'epoch': 29.0}
{'loss': 12.3838, 'grad_norm': 1.944764256477356, 'learning_rate': 0.00017211605311135566, 'epoch': 29.7}
{'eval_loss': 12.192684173583984, 'eval_mae': 12.192684173583984, 'eval_runtime': 1.5108, 'eval_samples_per_second': 133.04, 'eval_steps_per_second': 17.209, 'epoch': 30.0}
{'loss': 12.865, 'grad_norm': 4.791519641876221, 'learning_rate': 0.00016487424337521253, 'epoch': 30.69}
{'eval_loss': 12.242729187011719, 'eval_mae': 12.242729187011719, 'eval_runtime': 1.5588, 'eval_samples_per_second': 128.949, 'eval_steps_per_second': 16.68, 'epoch': 31.0}
{'loss': 11.7834, 'grad_norm': 4.805851459503174, 'learning_rate': 0.00015783859203242822, 'epoch': 31.68}
{'eval_loss': 12.217289924621582, 'eval_mae': 12.21728801727295, 'eval_runtime': 1.549, 'eval_samples_per_second': 129.758, 'eval_steps_per_second': 16.785, 'epoch': 32.0}
{'loss': 13.1709, 'grad_norm': 4.84694766998291, 'learning_rate': 0.00015100612206649198, 'epoch': 32.67}
{'eval_loss': 12.228372573852539, 'eval_mae': 12.228370666503906, 'eval_runtime': 1.5752, 'eval_samples_per_second': 127.601, 'eval_steps_per_second': 16.506, 'epoch': 33.0}
{'loss': 11.0365, 'grad_norm': 9.00430965423584, 'learning_rate': 0.0001443738564608932, 'epoch': 33.66}
{'eval_loss': 12.236513137817383, 'eval_mae': 12.236513137817383, 'eval_runtime': 1.5427, 'eval_samples_per_second': 130.287, 'eval_steps_per_second': 16.853, 'epoch': 34.0}
{'loss': 12.9146, 'grad_norm': 1.9441866874694824, 'learning_rate': 0.00013793881819912135, 'epoch': 34.65}
{'eval_loss': 12.251423835754395, 'eval_mae': 12.251423835754395, 'eval_runtime': 1.5377, 'eval_samples_per_second': 130.719, 'eval_steps_per_second': 16.909, 'epoch': 35.0}
{'loss': 12.6811, 'grad_norm': 8.951013565063477, 'learning_rate': 0.0001316980302646658, 'epoch': 35.64}
{'eval_loss': 12.215021133422852, 'eval_mae': 12.215022087097168, 'eval_runtime': 1.5193, 'eval_samples_per_second': 132.298, 'eval_steps_per_second': 17.113, 'epoch': 36.0}
{'loss': 12.1941, 'grad_norm': 4.788266181945801, 'learning_rate': 0.00012564851564101606, 'epoch': 36.63}
{'eval_loss': 12.197855949401855, 'eval_mae': 12.197854995727539, 'eval_runtime': 1.5548, 'eval_samples_per_second': 129.276, 'eval_steps_per_second': 16.722, 'epoch': 37.0}
{'loss': 13.0688, 'grad_norm': 4.782981872558594, 'learning_rate': 0.00011978729731166149, 'epoch': 37.62}
{'eval_loss': 12.178287506103516, 'eval_mae': 12.178287506103516, 'eval_runtime': 1.5423, 'eval_samples_per_second': 130.328, 'eval_steps_per_second': 16.858, 'epoch': 38.0}
{'loss': 12.5391, 'grad_norm': 8.93286418914795, 'learning_rate': 0.00011411139826009137, 'epoch': 38.61}
{'eval_loss': 12.222930908203125, 'eval_mae': 12.222930908203125, 'eval_runtime': 1.5551, 'eval_samples_per_second': 129.251, 'eval_steps_per_second': 16.719, 'epoch': 39.0}
{'loss': 12.4244, 'grad_norm': 4.843311786651611, 'learning_rate': 0.0001086178414697952, 'epoch': 39.6}
{'eval_loss': 12.205578804016113, 'eval_mae': 12.205578804016113, 'eval_runtime': 1.5344, 'eval_samples_per_second': 130.992, 'eval_steps_per_second': 16.944, 'epoch': 40.0}
{'loss': 12.0896, 'grad_norm': 4.709368705749512, 'learning_rate': 0.00010330364992426241, 'epoch': 40.59}
{'eval_loss': 12.2339448928833, 'eval_mae': 12.2339448928833, 'eval_runtime': 1.5529, 'eval_samples_per_second': 129.434, 'eval_steps_per_second': 16.743, 'epoch': 41.0}
{'loss': 12.9347, 'grad_norm': 4.843018054962158, 'learning_rate': 9.816584660698241e-05, 'epoch': 41.58}
{'eval_loss': 12.193208694458008, 'eval_mae': 12.193209648132324, 'eval_runtime': 1.5143, 'eval_samples_per_second': 132.734, 'eval_steps_per_second': 17.17, 'epoch': 42.0}
{'loss': 12.5239, 'grad_norm': 4.836219787597656, 'learning_rate': 9.320145450144458e-05, 'epoch': 42.57}
{'eval_loss': 12.234479904174805, 'eval_mae': 12.234479904174805, 'eval_runtime': 1.5421, 'eval_samples_per_second': 130.343, 'eval_steps_per_second': 16.86, 'epoch': 43.0}
{'loss': 12.4337, 'grad_norm': 4.790068626403809, 'learning_rate': 8.840749659113827e-05, 'epoch': 43.56}
{'eval_loss': 12.219170570373535, 'eval_mae': 12.219170570373535, 'eval_runtime': 1.547, 'eval_samples_per_second': 129.93, 'eval_steps_per_second': 16.807, 'epoch': 44.0}
{'loss': 12.1292, 'grad_norm': 4.783500671386719, 'learning_rate': 8.378099585955293e-05, 'epoch': 44.55}
{'eval_loss': 12.223919868469238, 'eval_mae': 12.223919868469238, 'eval_runtime': 1.5117, 'eval_samples_per_second': 132.96, 'eval_steps_per_second': 17.199, 'epoch': 45.0}
{'loss': 12.3504, 'grad_norm': 4.875005722045898, 'learning_rate': 7.931897529017797e-05, 'epoch': 45.54}
{'eval_loss': 12.22504711151123, 'eval_mae': 12.22504711151123, 'eval_runtime': 1.5641, 'eval_samples_per_second': 128.508, 'eval_steps_per_second': 16.623, 'epoch': 46.0}
{'loss': 12.7978, 'grad_norm': 8.935880661010742, 'learning_rate': 7.501845786650284e-05, 'epoch': 46.53}
{'eval_loss': 12.202557563781738, 'eval_mae': 12.202556610107422, 'eval_runtime': 1.5543, 'eval_samples_per_second': 129.323, 'eval_steps_per_second': 16.728, 'epoch': 47.0}
{'loss': 11.402, 'grad_norm': 4.761928558349609, 'learning_rate': 7.08764665720169e-05, 'epoch': 47.52}
{'eval_loss': 12.244034767150879, 'eval_mae': 12.244035720825195, 'eval_runtime': 1.5423, 'eval_samples_per_second': 130.325, 'eval_steps_per_second': 16.858, 'epoch': 48.0}
{'loss': 13.7301, 'grad_norm': 1.894909381866455, 'learning_rate': 6.689002439020949e-05, 'epoch': 48.51}
{'eval_loss': 12.194923400878906, 'eval_mae': 12.194923400878906, 'eval_runtime': 1.5784, 'eval_samples_per_second': 127.346, 'eval_steps_per_second': 16.473, 'epoch': 49.0}
{'loss': 12.1059, 'grad_norm': 4.657748222351074, 'learning_rate': 6.30561543045701e-05, 'epoch': 49.5}
{'eval_loss': 12.226625442504883, 'eval_mae': 12.226625442504883, 'eval_runtime': 1.5358, 'eval_samples_per_second': 130.878, 'eval_steps_per_second': 16.93, 'epoch': 50.0}
{'loss': 12.7886, 'grad_norm': 2.0205438137054443, 'learning_rate': 5.937187929858815e-05, 'epoch': 50.5}
{'eval_loss': 12.216601371765137, 'eval_mae': 12.21660041809082, 'eval_runtime': 1.543, 'eval_samples_per_second': 130.267, 'eval_steps_per_second': 16.85, 'epoch': 51.0}
{'loss': 11.9151, 'grad_norm': 9.037617683410645, 'learning_rate': 5.5834222355752965e-05, 'epoch': 51.49}
{'eval_loss': 12.229220390319824, 'eval_mae': 12.229220390319824, 'eval_runtime': 1.5423, 'eval_samples_per_second': 130.324, 'eval_steps_per_second': 16.858, 'epoch': 52.0}
{'loss': 12.9324, 'grad_norm': 4.8617377281188965, 'learning_rate': 5.2440206459553995e-05, 'epoch': 52.48}
{'eval_loss': 12.203194618225098, 'eval_mae': 12.203194618225098, 'eval_runtime': 1.531, 'eval_samples_per_second': 131.287, 'eval_steps_per_second': 16.982, 'epoch': 53.0}
{'loss': 12.4231, 'grad_norm': 4.792082786560059, 'learning_rate': 4.918685459348068e-05, 'epoch': 53.47}
{'eval_loss': 12.219571113586426, 'eval_mae': 12.219571113586426, 'eval_runtime': 1.5239, 'eval_samples_per_second': 131.894, 'eval_steps_per_second': 17.061, 'epoch': 54.0}
{'loss': 12.9779, 'grad_norm': 4.780157566070557, 'learning_rate': 4.6071189741022346e-05, 'epoch': 54.46}
{'eval_loss': 12.212030410766602, 'eval_mae': 12.212030410766602, 'eval_runtime': 1.5222, 'eval_samples_per_second': 132.049, 'eval_steps_per_second': 17.081, 'epoch': 55.0}
{'loss': 11.9842, 'grad_norm': 4.845559597015381, 'learning_rate': 4.309023488566848e-05, 'epoch': 55.45}
{'eval_loss': 12.217595100402832, 'eval_mae': 12.217595100402832, 'eval_runtime': 1.5581, 'eval_samples_per_second': 129.005, 'eval_steps_per_second': 16.687, 'epoch': 56.0}
{'loss': 12.3032, 'grad_norm': 4.808472156524658, 'learning_rate': 4.0241013010908414e-05, 'epoch': 56.44}
{'eval_loss': 12.226794242858887, 'eval_mae': 12.226794242858887, 'eval_runtime': 1.5698, 'eval_samples_per_second': 128.042, 'eval_steps_per_second': 16.563, 'epoch': 57.0}
{'loss': 12.3897, 'grad_norm': 2.00443696975708, 'learning_rate': 3.752054710023158e-05, 'epoch': 57.43}
{'eval_loss': 12.226771354675293, 'eval_mae': 12.226771354675293, 'eval_runtime': 1.546, 'eval_samples_per_second': 130.009, 'eval_steps_per_second': 16.817, 'epoch': 58.0}
{'loss': 13.1664, 'grad_norm': 9.023404121398926, 'learning_rate': 3.492586013712742e-05, 'epoch': 58.42}
{'eval_loss': 12.218714714050293, 'eval_mae': 12.218713760375977, 'eval_runtime': 1.5623, 'eval_samples_per_second': 128.655, 'eval_steps_per_second': 16.642, 'epoch': 59.0}
{'loss': 12.6482, 'grad_norm': 8.942641258239746, 'learning_rate': 3.2453975105085275e-05, 'epoch': 59.41}
{'eval_loss': 12.214838027954102, 'eval_mae': 12.214838027954102, 'eval_runtime': 1.5318, 'eval_samples_per_second': 131.215, 'eval_steps_per_second': 16.973, 'epoch': 60.0}
{'loss': 12.2669, 'grad_norm': 4.803230285644531, 'learning_rate': 3.010191498759461e-05, 'epoch': 60.4}
{'eval_loss': 12.204069137573242, 'eval_mae': 12.204070091247559, 'eval_runtime': 1.5613, 'eval_samples_per_second': 128.738, 'eval_steps_per_second': 16.653, 'epoch': 61.0}
{'loss': 11.9302, 'grad_norm': 4.878554821014404, 'learning_rate': 2.7866702768144782e-05, 'epoch': 61.39}
{'eval_loss': 12.208455085754395, 'eval_mae': 12.208455085754395, 'eval_runtime': 1.5703, 'eval_samples_per_second': 127.999, 'eval_steps_per_second': 16.557, 'epoch': 62.0}
{'loss': 12.8121, 'grad_norm': 1.8846975564956665, 'learning_rate': 2.5745361430225214e-05, 'epoch': 62.38}
{'eval_loss': 12.22158145904541, 'eval_mae': 12.221582412719727, 'eval_runtime': 1.5537, 'eval_samples_per_second': 129.368, 'eval_steps_per_second': 16.734, 'epoch': 63.0}
{'loss': 12.6756, 'grad_norm': 2.087200403213501, 'learning_rate': 2.3734913957325335e-05, 'epoch': 63.37}
{'eval_loss': 12.217098236083984, 'eval_mae': 12.217098236083984, 'eval_runtime': 1.5548, 'eval_samples_per_second': 129.277, 'eval_steps_per_second': 16.722, 'epoch': 64.0}
{'loss': 12.7748, 'grad_norm': 13.321769714355469, 'learning_rate': 2.1832383332934504e-05, 'epoch': 64.36}
{'eval_loss': 12.213371276855469, 'eval_mae': 12.213371276855469, 'eval_runtime': 1.5472, 'eval_samples_per_second': 129.911, 'eval_steps_per_second': 16.804, 'epoch': 65.0}
{'loss': 11.8551, 'grad_norm': 1.995439052581787, 'learning_rate': 2.0034792540542174e-05, 'epoch': 65.35}
{'eval_loss': 12.22193717956543, 'eval_mae': 12.22193717956543, 'eval_runtime': 1.5738, 'eval_samples_per_second': 127.715, 'eval_steps_per_second': 16.52, 'epoch': 66.0}
{'loss': 12.9304, 'grad_norm': 8.95993709564209, 'learning_rate': 1.8339164563637702e-05, 'epoch': 66.34}
{'eval_loss': 12.218866348266602, 'eval_mae': 12.218866348266602, 'eval_runtime': 1.5628, 'eval_samples_per_second': 128.612, 'eval_steps_per_second': 16.636, 'epoch': 67.0}
{'loss': 12.3835, 'grad_norm': 4.7795023918151855, 'learning_rate': 1.6742522385710518e-05, 'epoch': 67.33}
{'eval_loss': 12.22185230255127, 'eval_mae': 12.22185230255127, 'eval_runtime': 1.5301, 'eval_samples_per_second': 131.364, 'eval_steps_per_second': 16.992, 'epoch': 68.0}
{'loss': 12.6061, 'grad_norm': 4.753815174102783, 'learning_rate': 1.5241888990250046e-05, 'epoch': 68.32}
{'eval_loss': 12.218900680541992, 'eval_mae': 12.218900680541992, 'eval_runtime': 1.5368, 'eval_samples_per_second': 130.791, 'eval_steps_per_second': 16.918, 'epoch': 69.0}
{'loss': 12.1606, 'grad_norm': 1.891178011894226, 'learning_rate': 1.3834287360745652e-05, 'epoch': 69.31}
{'eval_loss': 12.21669864654541, 'eval_mae': 12.21669864654541, 'eval_runtime': 1.572, 'eval_samples_per_second': 127.86, 'eval_steps_per_second': 16.539, 'epoch': 70.0}
{'loss': 12.7777, 'grad_norm': 4.863960266113281, 'learning_rate': 1.2516740480686774e-05, 'epoch': 70.3}
{'eval_loss': 12.215453147888184, 'eval_mae': 12.215453147888184, 'eval_runtime': 1.5701, 'eval_samples_per_second': 128.014, 'eval_steps_per_second': 16.559, 'epoch': 71.0}
{'loss': 12.8912, 'grad_norm': 13.365249633789062, 'learning_rate': 1.1286271333562786e-05, 'epoch': 71.29}
{'eval_loss': 12.213179588317871, 'eval_mae': 12.213179588317871, 'eval_runtime': 1.5576, 'eval_samples_per_second': 129.048, 'eval_steps_per_second': 16.693, 'epoch': 72.0}
{'loss': 12.1143, 'grad_norm': 4.722658634185791, 'learning_rate': 1.0139902902863111e-05, 'epoch': 72.28}
{'eval_loss': 12.213446617126465, 'eval_mae': 12.213446617126465, 'eval_runtime': 1.5643, 'eval_samples_per_second': 128.493, 'eval_steps_per_second': 16.621, 'epoch': 73.0}
{'loss': 12.7053, 'grad_norm': 8.931659698486328, 'learning_rate': 9.074658172077164e-06, 'epoch': 73.27}
{'eval_loss': 12.210580825805664, 'eval_mae': 12.210580825805664, 'eval_runtime': 1.5672, 'eval_samples_per_second': 128.253, 'eval_steps_per_second': 16.59, 'epoch': 74.0}
{'loss': 12.115, 'grad_norm': 13.409235954284668, 'learning_rate': 8.087560124694327e-06, 'epoch': 74.26}
{'eval_loss': 12.211709976196289, 'eval_mae': 12.211709976196289, 'eval_runtime': 1.5643, 'eval_samples_per_second': 128.49, 'eval_steps_per_second': 16.621, 'epoch': 75.0}
{'loss': 12.4768, 'grad_norm': 4.767758369445801, 'learning_rate': 7.175631744204024e-06, 'epoch': 75.25}
{'eval_loss': 12.214404106140137, 'eval_mae': 12.214404106140137, 'eval_runtime': 1.556, 'eval_samples_per_second': 129.174, 'eval_steps_per_second': 16.709, 'epoch': 76.0}
{'loss': 12.5673, 'grad_norm': 4.7400736808776855, 'learning_rate': 6.335896014095643e-06, 'epoch': 76.24}
{'eval_loss': 12.211545944213867, 'eval_mae': 12.21154499053955, 'eval_runtime': 1.5441, 'eval_samples_per_second': 130.169, 'eval_steps_per_second': 16.838, 'epoch': 77.0}
{'loss': 12.801, 'grad_norm': 1.985592007637024, 'learning_rate': 5.565375917858607e-06, 'epoch': 77.23}
{'eval_loss': 12.212389945983887, 'eval_mae': 12.212389945983887, 'eval_runtime': 1.5601, 'eval_samples_per_second': 128.834, 'eval_steps_per_second': 16.665, 'epoch': 78.0}
{'loss': 12.2952, 'grad_norm': 4.820615291595459, 'learning_rate': 4.861094438982302e-06, 'epoch': 78.22}
{'eval_loss': 12.214241027832031, 'eval_mae': 12.214241027832031, 'eval_runtime': 1.5467, 'eval_samples_per_second': 129.958, 'eval_steps_per_second': 16.81, 'epoch': 79.0}
{'loss': 12.6677, 'grad_norm': 4.838382244110107, 'learning_rate': 4.220074560956144e-06, 'epoch': 79.21}
{'eval_loss': 12.21317195892334, 'eval_mae': 12.21317195892334, 'eval_runtime': 1.5543, 'eval_samples_per_second': 129.322, 'eval_steps_per_second': 16.728, 'epoch': 80.0}
{'loss': 11.8615, 'grad_norm': 8.918938636779785, 'learning_rate': 3.639339267269543e-06, 'epoch': 80.2}
{'eval_loss': 12.21268367767334, 'eval_mae': 12.21268367767334, 'eval_runtime': 1.5898, 'eval_samples_per_second': 126.433, 'eval_steps_per_second': 16.355, 'epoch': 81.0}
{'loss': 13.1546, 'grad_norm': 13.370369911193848, 'learning_rate': 3.115911541411891e-06, 'epoch': 81.19}
{'eval_loss': 12.212081909179688, 'eval_mae': 12.212081909179688, 'eval_runtime': 1.5636, 'eval_samples_per_second': 128.546, 'eval_steps_per_second': 16.628, 'epoch': 82.0}
{'loss': 11.9976, 'grad_norm': 4.887578010559082, 'learning_rate': 2.646814366872605e-06, 'epoch': 82.18}
{'eval_loss': 12.211607933044434, 'eval_mae': 12.211607933044434, 'eval_runtime': 1.5394, 'eval_samples_per_second': 130.568, 'eval_steps_per_second': 16.889, 'epoch': 83.0}
{'loss': 12.807, 'grad_norm': 4.791040897369385, 'learning_rate': 2.229070727141078e-06, 'epoch': 83.17}
{'eval_loss': 12.211928367614746, 'eval_mae': 12.211930274963379, 'eval_runtime': 1.5703, 'eval_samples_per_second': 128.0, 'eval_steps_per_second': 16.557, 'epoch': 84.0}
{'loss': 12.3472, 'grad_norm': 8.937609672546387, 'learning_rate': 1.8597036057067228e-06, 'epoch': 84.16}
{'eval_loss': 12.21237564086914, 'eval_mae': 12.21237564086914, 'eval_runtime': 1.5622, 'eval_samples_per_second': 128.663, 'eval_steps_per_second': 16.643, 'epoch': 85.0}
{'loss': 12.6566, 'grad_norm': 4.790517330169678, 'learning_rate': 1.5357359860589457e-06, 'epoch': 85.15}
{'eval_loss': 12.213171005249023, 'eval_mae': 12.213171005249023, 'eval_runtime': 1.57, 'eval_samples_per_second': 128.028, 'eval_steps_per_second': 16.561, 'epoch': 86.0}
{'loss': 12.5493, 'grad_norm': 8.966038703918457, 'learning_rate': 1.254190851687145e-06, 'epoch': 86.14}
{'eval_loss': 12.213470458984375, 'eval_mae': 12.213468551635742, 'eval_runtime': 1.5432, 'eval_samples_per_second': 130.249, 'eval_steps_per_second': 16.848, 'epoch': 87.0}
{'loss': 12.3742, 'grad_norm': 9.036162376403809, 'learning_rate': 1.012091186080732e-06, 'epoch': 87.13}
{'eval_loss': 12.213050842285156, 'eval_mae': 12.213050842285156, 'eval_runtime': 1.5471, 'eval_samples_per_second': 129.92, 'eval_steps_per_second': 16.806, 'epoch': 88.0}
{'loss': 12.6429, 'grad_norm': 4.7254157066345215, 'learning_rate': 8.064599727291061e-07, 'epoch': 88.12}
{'eval_loss': 12.213153839111328, 'eval_mae': 12.213152885437012, 'eval_runtime': 1.5296, 'eval_samples_per_second': 131.405, 'eval_steps_per_second': 16.998, 'epoch': 89.0}
{'loss': 12.3503, 'grad_norm': 4.827029228210449, 'learning_rate': 6.343201951216753e-07, 'epoch': 89.11}
{'eval_loss': 12.213418006896973, 'eval_mae': 12.21341609954834, 'eval_runtime': 1.5737, 'eval_samples_per_second': 127.726, 'eval_steps_per_second': 16.522, 'epoch': 90.0}
{'loss': 12.7726, 'grad_norm': 1.8827894926071167, 'learning_rate': 4.926948367478456e-07, 'epoch': 90.1}
{'eval_loss': 12.213147163391113, 'eval_mae': 12.21314525604248, 'eval_runtime': 1.5847, 'eval_samples_per_second': 126.842, 'eval_steps_per_second': 16.407, 'epoch': 91.0}
{'loss': 12.3842, 'grad_norm': 4.8153204917907715, 'learning_rate': 3.786068810970191e-07, 'epoch': 91.09}
{'eval_loss': 12.213258743286133, 'eval_mae': 12.213258743286133, 'eval_runtime': 1.5486, 'eval_samples_per_second': 129.794, 'eval_steps_per_second': 16.789, 'epoch': 92.0}
{'loss': 12.531, 'grad_norm': 9.004188537597656, 'learning_rate': 2.8907931165860304e-07, 'epoch': 92.08}
{'eval_loss': 12.213247299194336, 'eval_mae': 12.213247299194336, 'eval_runtime': 1.5438, 'eval_samples_per_second': 130.199, 'eval_steps_per_second': 16.842, 'epoch': 93.0}
{'loss': 12.5772, 'grad_norm': 4.880084991455078, 'learning_rate': 2.2113511192200035e-07, 'epoch': 93.07}
{'eval_loss': 12.213335037231445, 'eval_mae': 12.213335037231445, 'eval_runtime': 1.5298, 'eval_samples_per_second': 131.391, 'eval_steps_per_second': 16.996, 'epoch': 94.0}
{'loss': 12.4082, 'grad_norm': 4.77301025390625, 'learning_rate': 1.7179726537661713e-07, 'epoch': 94.06}
{'eval_loss': 12.213373184204102, 'eval_mae': 12.213373184204102, 'eval_runtime': 1.5437, 'eval_samples_per_second': 130.203, 'eval_steps_per_second': 16.842, 'epoch': 95.0}
{'loss': 12.5229, 'grad_norm': 4.878240585327148, 'learning_rate': 1.380887555118585e-07, 'epoch': 95.05}
{'eval_loss': 12.213396072387695, 'eval_mae': 12.213396072387695, 'eval_runtime': 1.5387, 'eval_samples_per_second': 130.627, 'eval_steps_per_second': 16.897, 'epoch': 96.0}
{'loss': 12.4123, 'grad_norm': 8.878995895385742, 'learning_rate': 1.1703256581712859e-07, 'epoch': 96.04}
{'eval_loss': 12.213397979736328, 'eval_mae': 12.213399887084961, 'eval_runtime': 1.5355, 'eval_samples_per_second': 130.901, 'eval_steps_per_second': 16.932, 'epoch': 97.0}
{'loss': 12.2702, 'grad_norm': 4.771651744842529, 'learning_rate': 1.0565167978183288e-07, 'epoch': 97.03}
{'eval_loss': 12.213415145874023, 'eval_mae': 12.213415145874023, 'eval_runtime': 1.5746, 'eval_samples_per_second': 127.654, 'eval_steps_per_second': 16.513, 'epoch': 98.0}
{'loss': 12.6267, 'grad_norm': 9.076828002929688, 'learning_rate': 1.00969080895376e-07, 'epoch': 98.02}
{'eval_loss': 12.213423728942871, 'eval_mae': 12.213424682617188, 'eval_runtime': 1.6001, 'eval_samples_per_second': 125.614, 'eval_steps_per_second': 16.249, 'epoch': 99.0}
{'loss': 12.5909, 'grad_norm': 4.774695873260498, 'learning_rate': 1.0000775264716301e-07, 'epoch': 99.01}
{'loss': 12.4644, 'grad_norm': 17.942182540893555, 'learning_rate': 1e-07, 'epoch': 100.0}
{'eval_loss': 12.213471412658691, 'eval_mae': 12.213471412658691, 'eval_runtime': 1.5469, 'eval_samples_per_second': 129.935, 'eval_steps_per_second': 16.808, 'epoch': 100.0}
{'train_runtime': 2139.5675, 'train_samples_per_second': 37.484, 'train_steps_per_second': 4.721, 'train_loss': 12.498118473468441, 'epoch': 100.0}
Model and tokenizer saved to ./finbert_output_90_days
Model saved for 90_days at ./finbert_output_90_days
Final MAE on test set for 90_days data window: 12.213471412658691
