
Processing window: filtered_7_days
Loading fine-tuned FinBERT model for filtered_7_days from finbert_output_7_days...
Epoch 1/500, Loss: 15.0201
Epoch 2/500, Loss: 13.6476
Epoch 3/500, Loss: 13.6000
Epoch 4/500, Loss: 13.6370
Epoch 5/500, Loss: 13.4228
Epoch 6/500, Loss: 13.8050
Epoch 7/500, Loss: 13.8042
Epoch 8/500, Loss: 13.7325
Epoch 9/500, Loss: 13.6390
Epoch 10/500, Loss: 13.7881
Epoch 11/500, Loss: 13.9413
Epoch 12/500, Loss: 13.7804
Epoch 13/500, Loss: 13.6965
Epoch 14/500, Loss: 13.9226
Epoch 15/500, Loss: 13.2736
Epoch 16/500, Loss: 13.8577
Epoch 17/500, Loss: 13.4775
Epoch 18/500, Loss: 14.7964
Epoch 19/500, Loss: 13.6674
Epoch 20/500, Loss: 13.7286
Epoch 21/500, Loss: 13.8877
Epoch 22/500, Loss: 13.7930
Epoch 23/500, Loss: 13.6142
Epoch 24/500, Loss: 13.6229
Epoch 25/500, Loss: 13.7134
Epoch 26/500, Loss: 13.3941
Epoch 27/500, Loss: 14.0658
Epoch 28/500, Loss: 13.5920
Epoch 29/500, Loss: 14.3328
Epoch 30/500, Loss: 14.0751
Epoch 31/500, Loss: 13.7686
Epoch 32/500, Loss: 14.1262
Epoch 33/500, Loss: 13.6268
Epoch 34/500, Loss: 13.5194
Epoch 35/500, Loss: 13.5359
Epoch 36/500, Loss: 13.8512
Epoch 37/500, Loss: 14.0910
Epoch 38/500, Loss: 13.3194
Epoch 39/500, Loss: 13.6342
Epoch 40/500, Loss: 14.2364
Epoch 41/500, Loss: 13.6922
Epoch 42/500, Loss: 13.7458
Epoch 43/500, Loss: 13.7367
Epoch 44/500, Loss: 13.8496
Epoch 45/500, Loss: 14.0574
Epoch 46/500, Loss: 13.5911
Epoch 47/500, Loss: 13.4037
Epoch 48/500, Loss: 13.6060
Epoch 49/500, Loss: 13.9667
Epoch 50/500, Loss: 13.6365
Epoch 51/500, Loss: 13.7828
Epoch 52/500, Loss: 13.6312
Epoch 53/500, Loss: 13.5233
Epoch 54/500, Loss: 13.4229
Epoch 55/500, Loss: 13.4802
Epoch 56/500, Loss: 13.4128
Epoch 57/500, Loss: 13.6930
Epoch 58/500, Loss: 13.7601
Epoch 59/500, Loss: 13.8168
Epoch 60/500, Loss: 13.3528
Epoch 61/500, Loss: 13.4441
Epoch 62/500, Loss: 13.3532
Epoch 63/500, Loss: 13.5745
Epoch 64/500, Loss: 13.5169
Epoch 65/500, Loss: 13.4054
Epoch 66/500, Loss: 13.6944
Epoch 67/500, Loss: 13.4446
Epoch 68/500, Loss: 13.3685
Epoch 69/500, Loss: 13.4812
Epoch 70/500, Loss: 13.4619
Epoch 71/500, Loss: 13.4216
Epoch 72/500, Loss: 13.4950
Epoch 73/500, Loss: 13.4099
Epoch 74/500, Loss: 13.1728
Epoch 75/500, Loss: 13.8186
Epoch 76/500, Loss: 13.5376
Epoch 77/500, Loss: 13.1866
Epoch 78/500, Loss: 13.1401
Epoch 79/500, Loss: 13.7914
Epoch 80/500, Loss: 13.4070
Epoch 81/500, Loss: 13.3013
Epoch 82/500, Loss: 13.3955
Epoch 83/500, Loss: 13.6331
Epoch 84/500, Loss: 13.9599
Epoch 85/500, Loss: 13.4682
Epoch 86/500, Loss: 13.1751
Epoch 87/500, Loss: 13.2044
Epoch 88/500, Loss: 13.3905
Epoch 89/500, Loss: 13.1379
Epoch 90/500, Loss: 13.2206
Epoch 91/500, Loss: 13.5783
Epoch 92/500, Loss: 13.2007
Epoch 93/500, Loss: 13.1039
Epoch 94/500, Loss: 13.4443
Epoch 95/500, Loss: 13.4634
Epoch 96/500, Loss: 13.3038
Epoch 97/500, Loss: 13.2040
Epoch 98/500, Loss: 13.2482
Epoch 99/500, Loss: 13.4111
Epoch 100/500, Loss: 13.4066
Epoch 101/500, Loss: 13.2558
Epoch 102/500, Loss: 13.2238
Epoch 103/500, Loss: 13.2543
Epoch 104/500, Loss: 13.1358
Epoch 105/500, Loss: 13.2936
Epoch 106/500, Loss: 13.0386
Epoch 107/500, Loss: 13.3368
Epoch 108/500, Loss: 13.4626
Epoch 109/500, Loss: 13.1715
Epoch 110/500, Loss: 13.4544
Epoch 111/500, Loss: 13.1189
Epoch 112/500, Loss: 13.1971
Epoch 113/500, Loss: 13.4309
Epoch 114/500, Loss: 13.2191
Epoch 115/500, Loss: 13.0436
Epoch 116/500, Loss: 13.2055
Epoch 117/500, Loss: 13.2860
Epoch 118/500, Loss: 13.0468
Epoch 119/500, Loss: 13.3521
Epoch 120/500, Loss: 13.3669
Epoch 121/500, Loss: 13.0119
Epoch 122/500, Loss: 13.5271
Epoch 123/500, Loss: 12.7126
Epoch 124/500, Loss: 13.0676
Epoch 125/500, Loss: 12.9218
Epoch 126/500, Loss: 13.0988
Epoch 127/500, Loss: 13.2230
Epoch 128/500, Loss: 13.1377
Epoch 129/500, Loss: 13.2598
Epoch 130/500, Loss: 13.0688
Epoch 131/500, Loss: 12.9260
Epoch 132/500, Loss: 13.2366
Epoch 133/500, Loss: 13.1349
Epoch 134/500, Loss: 12.9536
Epoch 135/500, Loss: 13.0333
Epoch 136/500, Loss: 13.5374
Epoch 137/500, Loss: 13.1260
Epoch 138/500, Loss: 12.8685
Epoch 139/500, Loss: 13.1981
Epoch 140/500, Loss: 13.0908
Epoch 141/500, Loss: 13.4176
Epoch 142/500, Loss: 13.2900
Epoch 143/500, Loss: 13.0437
Epoch 144/500, Loss: 12.8040
Epoch 145/500, Loss: 13.1322
Epoch 146/500, Loss: 13.5324
Epoch 147/500, Loss: 13.1215
Epoch 148/500, Loss: 13.2224
Epoch 149/500, Loss: 13.1470
Epoch 150/500, Loss: 13.1493
Epoch 151/500, Loss: 12.8978
Epoch 152/500, Loss: 13.1665
Epoch 153/500, Loss: 13.0804
Epoch 154/500, Loss: 13.5853
Epoch 155/500, Loss: 13.1275
Epoch 156/500, Loss: 12.9892
Epoch 157/500, Loss: 13.1266
Epoch 158/500, Loss: 12.9328
Epoch 159/500, Loss: 13.0599
Epoch 160/500, Loss: 13.0558
Epoch 161/500, Loss: 13.1957
Epoch 162/500, Loss: 13.4149
Epoch 163/500, Loss: 13.3903
Epoch 164/500, Loss: 13.0837
Epoch 165/500, Loss: 13.0245
Epoch 166/500, Loss: 13.0788
Epoch 167/500, Loss: 13.0916
Epoch 168/500, Loss: 13.2445
Epoch 169/500, Loss: 12.9124
Epoch 170/500, Loss: 13.3685
Epoch 171/500, Loss: 12.8866
Epoch 172/500, Loss: 13.2079
Epoch 173/500, Loss: 12.7902
Epoch 174/500, Loss: 13.0498
Epoch 175/500, Loss: 13.0073
Epoch 176/500, Loss: 12.8613
Epoch 177/500, Loss: 13.0717
Epoch 178/500, Loss: 12.8310
Epoch 179/500, Loss: 13.2143
Epoch 180/500, Loss: 13.2561
Epoch 181/500, Loss: 13.2293
Epoch 182/500, Loss: 13.4300
Epoch 183/500, Loss: 13.0787
Epoch 184/500, Loss: 13.2528
Epoch 185/500, Loss: 13.1112
Epoch 186/500, Loss: 13.2552
Epoch 187/500, Loss: 13.0459
Epoch 188/500, Loss: 13.4108
Epoch 189/500, Loss: 13.2759
Epoch 190/500, Loss: 13.1388
Epoch 191/500, Loss: 13.0240
Epoch 192/500, Loss: 13.3210
Epoch 193/500, Loss: 12.8991
Epoch 194/500, Loss: 13.1461
Epoch 195/500, Loss: 13.3215
Epoch 196/500, Loss: 13.1632
Epoch 197/500, Loss: 12.9578
Epoch 198/500, Loss: 13.3211
Epoch 199/500, Loss: 13.0592
Epoch 200/500, Loss: 13.0790
Epoch 201/500, Loss: 13.1361
Epoch 202/500, Loss: 12.8768
Epoch 203/500, Loss: 12.9401
Epoch 204/500, Loss: 12.9220
Epoch 205/500, Loss: 13.0382
Epoch 206/500, Loss: 13.4542
Epoch 207/500, Loss: 12.9046
Epoch 208/500, Loss: 13.3096
Epoch 209/500, Loss: 13.1587
Epoch 210/500, Loss: 13.0283
Epoch 211/500, Loss: 13.4273
Epoch 212/500, Loss: 13.1455
Epoch 213/500, Loss: 13.0943
Epoch 214/500, Loss: 13.2197
Epoch 215/500, Loss: 12.9481
Epoch 216/500, Loss: 13.2615
Epoch 217/500, Loss: 13.2690
Epoch 218/500, Loss: 13.0055
Epoch 219/500, Loss: 13.0360
Epoch 220/500, Loss: 13.1732
Epoch 221/500, Loss: 13.0926
Epoch 222/500, Loss: 12.9573
Epoch 223/500, Loss: 13.1425
Epoch 224/500, Loss: 13.1529
Epoch 225/500, Loss: 12.9458
Epoch 226/500, Loss: 13.1608
Epoch 227/500, Loss: 13.3215
Epoch 228/500, Loss: 13.2272
Epoch 229/500, Loss: 13.3584
Epoch 230/500, Loss: 12.9894
Epoch 231/500, Loss: 13.2111
Epoch 232/500, Loss: 13.2642
Epoch 233/500, Loss: 13.1997
Epoch 234/500, Loss: 13.0854
Epoch 235/500, Loss: 13.1840
Epoch 236/500, Loss: 13.0546
Epoch 237/500, Loss: 13.4955
Epoch 238/500, Loss: 13.3536
Epoch 239/500, Loss: 13.1357
Epoch 240/500, Loss: 13.3637
Epoch 241/500, Loss: 13.3686
Epoch 242/500, Loss: 13.0807
Epoch 243/500, Loss: 13.0545
Epoch 244/500, Loss: 13.0623
Epoch 245/500, Loss: 13.3038
Epoch 246/500, Loss: 13.2386
Epoch 247/500, Loss: 13.0955
Epoch 248/500, Loss: 13.1203
Epoch 249/500, Loss: 13.2466
Epoch 250/500, Loss: 13.0907
Epoch 251/500, Loss: 13.0214
Epoch 252/500, Loss: 13.2584
Epoch 253/500, Loss: 13.1862
Epoch 254/500, Loss: 13.3405
Epoch 255/500, Loss: 13.2675
Epoch 256/500, Loss: 13.3896
Epoch 257/500, Loss: 13.2898
Epoch 258/500, Loss: 12.7688
Epoch 259/500, Loss: 13.3415
Epoch 260/500, Loss: 13.2547
Epoch 261/500, Loss: 13.2912
Epoch 262/500, Loss: 12.9758
Epoch 263/500, Loss: 13.0536
Epoch 264/500, Loss: 13.1664
Epoch 265/500, Loss: 12.9756
Epoch 266/500, Loss: 13.3095
Epoch 267/500, Loss: 13.3378
Epoch 268/500, Loss: 13.3357
Epoch 269/500, Loss: 13.1828
Epoch 270/500, Loss: 13.0610
Epoch 271/500, Loss: 13.2692
Epoch 272/500, Loss: 13.0002
Epoch 273/500, Loss: 13.2789
Epoch 274/500, Loss: 13.0828
Epoch 275/500, Loss: 13.1343
Epoch 276/500, Loss: 12.9376
Epoch 277/500, Loss: 12.9852
Epoch 278/500, Loss: 13.2921
Epoch 279/500, Loss: 13.0061
Epoch 280/500, Loss: 13.1083
Epoch 281/500, Loss: 13.3420
Epoch 282/500, Loss: 13.1167
Epoch 283/500, Loss: 12.9941
Epoch 284/500, Loss: 13.2297
Epoch 285/500, Loss: 13.0953
Epoch 286/500, Loss: 13.2317
Epoch 287/500, Loss: 13.0586
Epoch 288/500, Loss: 13.2372
Epoch 289/500, Loss: 13.0707
Epoch 290/500, Loss: 13.2272
Epoch 291/500, Loss: 12.9860
Epoch 292/500, Loss: 13.0722
Epoch 293/500, Loss: 13.0177
Epoch 294/500, Loss: 12.9310
Epoch 295/500, Loss: 13.1847
Epoch 296/500, Loss: 13.0575
Epoch 297/500, Loss: 13.1534
Epoch 298/500, Loss: 13.0505
Epoch 299/500, Loss: 13.2484
Epoch 300/500, Loss: 12.9619
Epoch 301/500, Loss: 13.0383
Epoch 302/500, Loss: 13.3399
Epoch 303/500, Loss: 13.0634
Epoch 304/500, Loss: 13.2250
Epoch 305/500, Loss: 12.8790
Epoch 306/500, Loss: 12.9953
Epoch 307/500, Loss: 12.8950
Epoch 308/500, Loss: 12.9437
Epoch 309/500, Loss: 13.1404
Epoch 310/500, Loss: 13.0113
Epoch 311/500, Loss: 12.9407
Epoch 312/500, Loss: 13.6068
Epoch 313/500, Loss: 12.9598
Epoch 314/500, Loss: 13.0300
Epoch 315/500, Loss: 13.0888
Epoch 316/500, Loss: 13.2568
Epoch 317/500, Loss: 12.9326
Epoch 318/500, Loss: 13.2212
Epoch 319/500, Loss: 13.3325
Epoch 320/500, Loss: 13.1075
Epoch 321/500, Loss: 13.1144
Epoch 322/500, Loss: 12.9925
Epoch 323/500, Loss: 13.0769
Epoch 324/500, Loss: 13.2330
Epoch 325/500, Loss: 12.9211
Epoch 326/500, Loss: 12.9485
Epoch 327/500, Loss: 12.9190
Epoch 328/500, Loss: 13.1433
Epoch 329/500, Loss: 13.0015
Epoch 330/500, Loss: 12.8124
Epoch 331/500, Loss: 13.1078
Epoch 332/500, Loss: 13.0930
Epoch 333/500, Loss: 13.0885
Epoch 334/500, Loss: 13.0680
Epoch 335/500, Loss: 12.9406
Epoch 336/500, Loss: 13.0751
Epoch 337/500, Loss: 13.2947
Epoch 338/500, Loss: 13.0246
Epoch 339/500, Loss: 13.0725
Epoch 340/500, Loss: 12.8584
Epoch 341/500, Loss: 12.9008
Epoch 342/500, Loss: 13.1867
Epoch 343/500, Loss: 12.9330
Epoch 344/500, Loss: 13.3705
Epoch 345/500, Loss: 13.1707
Epoch 346/500, Loss: 13.3077
Epoch 347/500, Loss: 13.1705
Epoch 348/500, Loss: 13.0643
Epoch 349/500, Loss: 13.2208
Epoch 350/500, Loss: 12.9786
Epoch 351/500, Loss: 12.8297
Epoch 352/500, Loss: 13.0746
Epoch 353/500, Loss: 13.0032
Epoch 354/500, Loss: 13.1052
Epoch 355/500, Loss: 12.9962
Epoch 356/500, Loss: 13.2840
Epoch 357/500, Loss: 13.0087
Epoch 358/500, Loss: 13.0706
Epoch 359/500, Loss: 13.0468
Epoch 360/500, Loss: 12.9967
Epoch 361/500, Loss: 13.1290
Epoch 362/500, Loss: 13.0604
Epoch 363/500, Loss: 13.0203
Epoch 364/500, Loss: 13.2235
Epoch 365/500, Loss: 13.0328
Epoch 366/500, Loss: 13.1032
Epoch 367/500, Loss: 12.9791
Epoch 368/500, Loss: 12.7979
Epoch 369/500, Loss: 13.2108
Epoch 370/500, Loss: 13.3710
Epoch 371/500, Loss: 13.3896
Epoch 372/500, Loss: 13.2570
Epoch 373/500, Loss: 12.9903
Epoch 374/500, Loss: 13.1028
Epoch 375/500, Loss: 13.1806
Epoch 376/500, Loss: 13.3631
Epoch 377/500, Loss: 12.9835
Epoch 378/500, Loss: 13.0828
Epoch 379/500, Loss: 13.3742
Epoch 380/500, Loss: 13.0514
Epoch 381/500, Loss: 13.1087
Epoch 382/500, Loss: 12.8058
Epoch 383/500, Loss: 12.9208
Epoch 384/500, Loss: 13.2791
Epoch 385/500, Loss: 13.3324
Epoch 386/500, Loss: 13.0976
Epoch 387/500, Loss: 13.1498
Epoch 388/500, Loss: 13.3240
Epoch 389/500, Loss: 13.1222
Epoch 390/500, Loss: 13.4388
Epoch 391/500, Loss: 13.3751
Epoch 392/500, Loss: 13.2995
Epoch 393/500, Loss: 13.2023
Epoch 394/500, Loss: 13.1365
Epoch 395/500, Loss: 13.2457
Epoch 396/500, Loss: 13.0807
Epoch 397/500, Loss: 13.2686
Epoch 398/500, Loss: 13.3278
Epoch 399/500, Loss: 13.2776
Epoch 400/500, Loss: 13.4691
Epoch 401/500, Loss: 13.3133
Epoch 402/500, Loss: 13.3264
Epoch 403/500, Loss: 13.2765
Epoch 404/500, Loss: 13.4082
Epoch 405/500, Loss: 13.2838
Epoch 406/500, Loss: 13.4239
Epoch 407/500, Loss: 12.8897
Epoch 408/500, Loss: 13.1396
Epoch 409/500, Loss: 13.3365
Epoch 410/500, Loss: 13.2107
Epoch 411/500, Loss: 13.3258
Epoch 412/500, Loss: 13.3719
Epoch 413/500, Loss: 13.2860
Epoch 414/500, Loss: 13.2985
Epoch 415/500, Loss: 13.3555
Epoch 416/500, Loss: 13.2934
Epoch 417/500, Loss: 13.1130
Epoch 418/500, Loss: 13.3050
Epoch 419/500, Loss: 13.2394
Epoch 420/500, Loss: 13.1833
Epoch 421/500, Loss: 13.1461
Epoch 422/500, Loss: 13.0821
Epoch 423/500, Loss: 13.3411
Epoch 424/500, Loss: 13.1503
Epoch 425/500, Loss: 12.9441
Epoch 426/500, Loss: 13.2412
Epoch 427/500, Loss: 13.2351
Epoch 428/500, Loss: 13.2853
Epoch 429/500, Loss: 13.1427
Epoch 430/500, Loss: 13.2175
Epoch 431/500, Loss: 13.2415
Epoch 432/500, Loss: 13.3272
Epoch 433/500, Loss: 13.1338
Epoch 434/500, Loss: 13.1141
Epoch 435/500, Loss: 13.1446
Epoch 436/500, Loss: 13.3263
Epoch 437/500, Loss: 13.2538
Epoch 438/500, Loss: 13.2480
Epoch 439/500, Loss: 13.1930
Epoch 440/500, Loss: 13.2583
Epoch 441/500, Loss: 13.4355
Epoch 442/500, Loss: 13.0976
Epoch 443/500, Loss: 13.2758
Epoch 444/500, Loss: 13.1165
Epoch 445/500, Loss: 13.2273
Epoch 446/500, Loss: 13.4509
Epoch 447/500, Loss: 13.1133
Epoch 448/500, Loss: 13.3205
Epoch 449/500, Loss: 13.1813
Epoch 450/500, Loss: 13.2144
Epoch 451/500, Loss: 13.1525
Epoch 452/500, Loss: 13.0998
Epoch 453/500, Loss: 13.1908
Epoch 454/500, Loss: 13.1982
Epoch 455/500, Loss: 12.9216
Epoch 456/500, Loss: 13.0959
Epoch 457/500, Loss: 13.2028
Epoch 458/500, Loss: 12.9927
Epoch 459/500, Loss: 13.0758
Epoch 460/500, Loss: 13.1917
Epoch 461/500, Loss: 13.2558
Epoch 462/500, Loss: 13.0306
Epoch 463/500, Loss: 13.0712
Epoch 464/500, Loss: 13.0981
Epoch 465/500, Loss: 12.9240
Epoch 466/500, Loss: 13.0933
Epoch 467/500, Loss: 13.1811
Epoch 468/500, Loss: 13.2110
Epoch 469/500, Loss: 12.9601
Epoch 470/500, Loss: 13.0679
Epoch 471/500, Loss: 12.9936
Epoch 472/500, Loss: 13.1600
Epoch 473/500, Loss: 12.9845
Epoch 474/500, Loss: 13.2163
Epoch 475/500, Loss: 13.1372
Epoch 476/500, Loss: 12.8294
Epoch 477/500, Loss: 13.4270
Epoch 478/500, Loss: 13.5419
Epoch 479/500, Loss: 13.2596
Epoch 480/500, Loss: 13.2078
Epoch 481/500, Loss: 13.2566
Epoch 482/500, Loss: 13.1744
Epoch 483/500, Loss: 13.0382
Epoch 484/500, Loss: 13.1984
Epoch 485/500, Loss: 13.4445
Epoch 486/500, Loss: 13.2981
Epoch 487/500, Loss: 13.1436
Epoch 488/500, Loss: 13.3520
Epoch 489/500, Loss: 13.2603
Epoch 490/500, Loss: 13.2885
Epoch 491/500, Loss: 13.1089
Epoch 492/500, Loss: 13.2736
Epoch 493/500, Loss: 13.2795
Epoch 494/500, Loss: 13.1833
Epoch 495/500, Loss: 13.1640
Epoch 496/500, Loss: 13.4234
Epoch 497/500, Loss: 13.2730
Epoch 498/500, Loss: 13.0483
Epoch 499/500, Loss: 13.3333
Epoch 500/500, Loss: 13.1351
Test MAE for filtered_7_days: 10.4967
Model for filtered_7_days saved at ./pytorch_model_filtered_7_days.pt

Processing window: filtered_15_days
Loading fine-tuned FinBERT model for filtered_15_days from finbert_output_15_days...
Epoch 1/500, Loss: 14.1013
Epoch 2/500, Loss: 13.8934
Epoch 3/500, Loss: 13.8743
Epoch 4/500, Loss: 14.2750
Epoch 5/500, Loss: 13.6958
Epoch 6/500, Loss: 14.0705
Epoch 7/500, Loss: 13.7554
Epoch 8/500, Loss: 13.8243
Epoch 9/500, Loss: 13.3878
Epoch 10/500, Loss: 13.7644
Epoch 11/500, Loss: 13.6762
Epoch 12/500, Loss: 14.0949
Epoch 13/500, Loss: 13.7984
Epoch 14/500, Loss: 14.2489
Epoch 15/500, Loss: 13.5917
Epoch 16/500, Loss: 14.0217
Epoch 17/500, Loss: 13.8777
Epoch 18/500, Loss: 14.2586
Epoch 19/500, Loss: 13.6804
Epoch 20/500, Loss: 13.7791
Epoch 21/500, Loss: 13.2263
Epoch 22/500, Loss: 13.5883
Epoch 23/500, Loss: 13.7139
Epoch 24/500, Loss: 13.8467
Epoch 25/500, Loss: 13.8504
Epoch 26/500, Loss: 13.8835
Epoch 27/500, Loss: 13.5544
Epoch 28/500, Loss: 14.3103
Epoch 29/500, Loss: 13.6781
Epoch 30/500, Loss: 13.6026
Epoch 31/500, Loss: 13.6813
Epoch 32/500, Loss: 14.0656
Epoch 33/500, Loss: 13.7092
Epoch 34/500, Loss: 13.8644
Epoch 35/500, Loss: 13.4561
Epoch 36/500, Loss: 13.5439
Epoch 37/500, Loss: 13.8850
Epoch 38/500, Loss: 13.6799
Epoch 39/500, Loss: 13.4137
Epoch 40/500, Loss: 13.7280
Epoch 41/500, Loss: 13.8128
Epoch 42/500, Loss: 13.6663
Epoch 43/500, Loss: 13.8225
Epoch 44/500, Loss: 13.4803
Epoch 45/500, Loss: 13.5848
Epoch 46/500, Loss: 14.0002
Epoch 47/500, Loss: 13.4626
Epoch 48/500, Loss: 13.3211
Epoch 49/500, Loss: 13.7809
Epoch 50/500, Loss: 13.1665
Epoch 51/500, Loss: 13.1072
Epoch 52/500, Loss: 13.4034
Epoch 53/500, Loss: 13.4622
Epoch 54/500, Loss: 13.7764
Epoch 55/500, Loss: 13.7071
Epoch 56/500, Loss: 13.5804
Epoch 57/500, Loss: 13.6062
Epoch 58/500, Loss: 13.3401
Epoch 59/500, Loss: 13.6281
Epoch 60/500, Loss: 13.4124
Epoch 61/500, Loss: 13.5953
Epoch 62/500, Loss: 13.5994
Epoch 63/500, Loss: 13.4379
Epoch 64/500, Loss: 13.1683
Epoch 65/500, Loss: 13.5848
Epoch 66/500, Loss: 13.1047
Epoch 67/500, Loss: 13.3350
Epoch 68/500, Loss: 13.3557
Epoch 69/500, Loss: 13.4281
Epoch 70/500, Loss: 13.7698
Epoch 71/500, Loss: 13.3354
Epoch 72/500, Loss: 13.2233
Epoch 73/500, Loss: 13.5757
Epoch 74/500, Loss: 13.3037
Epoch 75/500, Loss: 13.6714
Epoch 76/500, Loss: 13.0886
Epoch 77/500, Loss: 13.3206
Epoch 78/500, Loss: 13.3459
Epoch 79/500, Loss: 13.4217
Epoch 80/500, Loss: 13.1583
Epoch 81/500, Loss: 13.4174
Epoch 82/500, Loss: 13.2769
Epoch 83/500, Loss: 13.5834
Epoch 84/500, Loss: 13.1078
Epoch 85/500, Loss: 13.4167
Epoch 86/500, Loss: 13.3957
Epoch 87/500, Loss: 13.1656
Epoch 88/500, Loss: 13.1009
Epoch 89/500, Loss: 13.0645
Epoch 90/500, Loss: 13.4417
Epoch 91/500, Loss: 13.3294
Epoch 92/500, Loss: 13.1308
Epoch 93/500, Loss: 12.9881
Epoch 94/500, Loss: 12.9597
Epoch 95/500, Loss: 13.2851
Epoch 96/500, Loss: 13.0595
Epoch 97/500, Loss: 13.0591
Epoch 98/500, Loss: 13.3955
Epoch 99/500, Loss: 13.4052
Epoch 100/500, Loss: 13.3088
Epoch 101/500, Loss: 13.4634
Epoch 102/500, Loss: 13.0397
Epoch 103/500, Loss: 13.2069
Epoch 104/500, Loss: 13.0130
Epoch 105/500, Loss: 13.4394
Epoch 106/500, Loss: 13.2645
Epoch 107/500, Loss: 13.2407
Epoch 108/500, Loss: 13.5055
Epoch 109/500, Loss: 13.1373
Epoch 110/500, Loss: 12.8351
Epoch 111/500, Loss: 13.0711
Epoch 112/500, Loss: 13.2048
Epoch 113/500, Loss: 13.0546
Epoch 114/500, Loss: 13.3868
Epoch 115/500, Loss: 13.2546
Epoch 116/500, Loss: 13.3124
Epoch 117/500, Loss: 13.2294
Epoch 118/500, Loss: 13.4392
Epoch 119/500, Loss: 13.1368
Epoch 120/500, Loss: 13.1487
Epoch 121/500, Loss: 13.0338
Epoch 122/500, Loss: 13.4132
Epoch 123/500, Loss: 13.0810
Epoch 124/500, Loss: 13.0764
Epoch 125/500, Loss: 13.3784
Epoch 126/500, Loss: 13.2788
Epoch 127/500, Loss: 13.0720
Epoch 128/500, Loss: 12.9671
Epoch 129/500, Loss: 13.0542
Epoch 130/500, Loss: 13.2628
Epoch 131/500, Loss: 13.2646
Epoch 132/500, Loss: 13.2586
Epoch 133/500, Loss: 13.1379
Epoch 134/500, Loss: 13.0081
Epoch 135/500, Loss: 13.1091
Epoch 136/500, Loss: 12.9372
Epoch 137/500, Loss: 12.9894
Epoch 138/500, Loss: 13.0054
Epoch 139/500, Loss: 13.2721
Epoch 140/500, Loss: 13.5386
Epoch 141/500, Loss: 13.0728
Epoch 142/500, Loss: 13.1698
Epoch 143/500, Loss: 13.1226
Epoch 144/500, Loss: 13.2613
Epoch 145/500, Loss: 13.3207
Epoch 146/500, Loss: 13.4705
Epoch 147/500, Loss: 12.9652
Epoch 148/500, Loss: 13.2142
Epoch 149/500, Loss: 13.2643
Epoch 150/500, Loss: 13.4709
Epoch 151/500, Loss: 13.1994
Epoch 152/500, Loss: 13.3194
Epoch 153/500, Loss: 13.3874
Epoch 154/500, Loss: 13.2489
Epoch 155/500, Loss: 13.3293
Epoch 156/500, Loss: 13.3591
Epoch 157/500, Loss: 13.1766
Epoch 158/500, Loss: 13.1049
Epoch 159/500, Loss: 13.4974
Epoch 160/500, Loss: 12.9566
Epoch 161/500, Loss: 13.2568
Epoch 162/500, Loss: 13.0742
Epoch 163/500, Loss: 13.3606
Epoch 164/500, Loss: 13.0736
Epoch 165/500, Loss: 13.4426
Epoch 166/500, Loss: 13.1433
Epoch 167/500, Loss: 13.1538
Epoch 168/500, Loss: 13.1916
Epoch 169/500, Loss: 13.1247
Epoch 170/500, Loss: 13.1974
Epoch 171/500, Loss: 13.3857
Epoch 172/500, Loss: 13.1013
Epoch 173/500, Loss: 13.1320
Epoch 174/500, Loss: 13.2901
Epoch 175/500, Loss: 13.2180
Epoch 176/500, Loss: 13.2274
Epoch 177/500, Loss: 13.0638
Epoch 178/500, Loss: 13.0747
Epoch 179/500, Loss: 13.1773
Epoch 180/500, Loss: 13.0858
Epoch 181/500, Loss: 12.9456
Epoch 182/500, Loss: 13.0129
Epoch 183/500, Loss: 13.0403
Epoch 184/500, Loss: 13.1717
Epoch 185/500, Loss: 13.2318
Epoch 186/500, Loss: 13.2759
Epoch 187/500, Loss: 13.2609
Epoch 188/500, Loss: 13.1720
Epoch 189/500, Loss: 13.3272
Epoch 190/500, Loss: 13.2574
Epoch 191/500, Loss: 13.3400
Epoch 192/500, Loss: 13.2527
Epoch 193/500, Loss: 13.4874
Epoch 194/500, Loss: 13.1508
Epoch 195/500, Loss: 13.2191
Epoch 196/500, Loss: 13.3157
Epoch 197/500, Loss: 13.2079
Epoch 198/500, Loss: 13.0701
Epoch 199/500, Loss: 12.9995
Epoch 200/500, Loss: 13.2848
Epoch 201/500, Loss: 12.9222
Epoch 202/500, Loss: 13.5051
Epoch 203/500, Loss: 12.8636
Epoch 204/500, Loss: 13.3787
Epoch 205/500, Loss: 13.2225
Epoch 206/500, Loss: 12.9885
Epoch 207/500, Loss: 13.2432
Epoch 208/500, Loss: 13.3485
Epoch 209/500, Loss: 13.3076
Epoch 210/500, Loss: 13.1222
Epoch 211/500, Loss: 13.1280
Epoch 212/500, Loss: 13.0529
Epoch 213/500, Loss: 13.1517
Epoch 214/500, Loss: 13.0016
Epoch 215/500, Loss: 13.1485
Epoch 216/500, Loss: 13.1358
Epoch 217/500, Loss: 13.0939
Epoch 218/500, Loss: 12.9008
Epoch 219/500, Loss: 13.0372
Epoch 220/500, Loss: 13.3431
Epoch 221/500, Loss: 13.3914
Epoch 222/500, Loss: 12.9381
Epoch 223/500, Loss: 13.3864
Epoch 224/500, Loss: 13.1369
Epoch 225/500, Loss: 13.1537
Epoch 226/500, Loss: 13.1668
Epoch 227/500, Loss: 13.0542
Epoch 228/500, Loss: 13.0098
Epoch 229/500, Loss: 13.1239
Epoch 230/500, Loss: 13.0425
Epoch 231/500, Loss: 12.9809
Epoch 232/500, Loss: 12.9679
Epoch 233/500, Loss: 13.1791
Epoch 234/500, Loss: 13.0792
Epoch 235/500, Loss: 12.9688
Epoch 236/500, Loss: 13.4702
Epoch 237/500, Loss: 13.1080
Epoch 238/500, Loss: 13.2604
Epoch 239/500, Loss: 13.1350
Epoch 240/500, Loss: 12.9832
Epoch 241/500, Loss: 13.2709
Epoch 242/500, Loss: 13.0720
Epoch 243/500, Loss: 13.1173
Epoch 244/500, Loss: 13.1037
Epoch 245/500, Loss: 13.1984
Epoch 246/500, Loss: 13.3000
Epoch 247/500, Loss: 13.2368
Epoch 248/500, Loss: 13.2010
Epoch 249/500, Loss: 13.2366
Epoch 250/500, Loss: 12.9609
Epoch 251/500, Loss: 13.3495
Epoch 252/500, Loss: 13.1754
Epoch 253/500, Loss: 13.1625
Epoch 254/500, Loss: 13.2793
Epoch 255/500, Loss: 13.0287
Epoch 256/500, Loss: 13.2269
Epoch 257/500, Loss: 13.2064
Epoch 258/500, Loss: 13.6169
Epoch 259/500, Loss: 13.2473
Epoch 260/500, Loss: 13.2148
Epoch 261/500, Loss: 13.1483
Epoch 262/500, Loss: 13.3069
Epoch 263/500, Loss: 13.1194
Epoch 264/500, Loss: 13.3538
Epoch 265/500, Loss: 13.1336
Epoch 266/500, Loss: 13.2498
Epoch 267/500, Loss: 12.9191
Epoch 268/500, Loss: 12.9606
Epoch 269/500, Loss: 12.9409
Epoch 270/500, Loss: 13.4506
Epoch 271/500, Loss: 13.3753
Epoch 272/500, Loss: 13.3446
Epoch 273/500, Loss: 13.3013
Epoch 274/500, Loss: 13.0240
Epoch 275/500, Loss: 13.3444
Epoch 276/500, Loss: 13.2451
Epoch 277/500, Loss: 13.1751
Epoch 278/500, Loss: 13.1423
Epoch 279/500, Loss: 13.2334
Epoch 280/500, Loss: 13.2971
Epoch 281/500, Loss: 13.1822
Epoch 282/500, Loss: 13.2390
Epoch 283/500, Loss: 13.4287
Epoch 284/500, Loss: 13.5314
Epoch 285/500, Loss: 13.3363
Epoch 286/500, Loss: 13.1810
Epoch 287/500, Loss: 13.2362
Epoch 288/500, Loss: 13.1689
Epoch 289/500, Loss: 13.5539
Epoch 290/500, Loss: 13.0903
Epoch 291/500, Loss: 13.2355
Epoch 292/500, Loss: 13.4332
Epoch 293/500, Loss: 13.3502
Epoch 294/500, Loss: 13.1259
Epoch 295/500, Loss: 13.0836
Epoch 296/500, Loss: 13.1447
Epoch 297/500, Loss: 13.0484
Epoch 298/500, Loss: 13.1278
Epoch 299/500, Loss: 13.1473
Epoch 300/500, Loss: 13.1280
Epoch 301/500, Loss: 13.1234
Epoch 302/500, Loss: 13.1797
Epoch 303/500, Loss: 13.5059
Epoch 304/500, Loss: 13.2833
Epoch 305/500, Loss: 13.1426
Epoch 306/500, Loss: 13.2435
Epoch 307/500, Loss: 13.0572
Epoch 308/500, Loss: 13.2321
Epoch 309/500, Loss: 13.2994
Epoch 310/500, Loss: 13.1648
Epoch 311/500, Loss: 13.0594
Epoch 312/500, Loss: 13.1655
Epoch 313/500, Loss: 13.1359
Epoch 314/500, Loss: 13.1058
Epoch 315/500, Loss: 13.2873
Epoch 316/500, Loss: 13.1475
Epoch 317/500, Loss: 13.1878
Epoch 318/500, Loss: 13.3183
Epoch 319/500, Loss: 13.2971
Epoch 320/500, Loss: 13.3820
Epoch 321/500, Loss: 13.1170
Epoch 322/500, Loss: 13.1492
Epoch 323/500, Loss: 13.1420
Epoch 324/500, Loss: 13.3881
Epoch 325/500, Loss: 13.0961
Epoch 326/500, Loss: 13.0412
Epoch 327/500, Loss: 13.1553
Epoch 328/500, Loss: 13.2667
Epoch 329/500, Loss: 13.2059
Epoch 330/500, Loss: 13.3297
Epoch 331/500, Loss: 13.2037
Epoch 332/500, Loss: 13.0269
Epoch 333/500, Loss: 13.0224
Epoch 334/500, Loss: 13.3908
Epoch 335/500, Loss: 13.2273
Epoch 336/500, Loss: 13.0922
Epoch 337/500, Loss: 13.1811
Epoch 338/500, Loss: 13.3738
Epoch 339/500, Loss: 13.4068
Epoch 340/500, Loss: 13.2844
Epoch 341/500, Loss: 12.8669
Epoch 342/500, Loss: 13.1835
Epoch 343/500, Loss: 13.2760
Epoch 344/500, Loss: 13.1386
Epoch 345/500, Loss: 13.4660
Epoch 346/500, Loss: 12.9970
Epoch 347/500, Loss: 13.2134
Epoch 348/500, Loss: 13.4167
Epoch 349/500, Loss: 12.9772
Epoch 350/500, Loss: 13.0165
Epoch 351/500, Loss: 13.2124
Epoch 352/500, Loss: 13.1716
Epoch 353/500, Loss: 13.0790
Epoch 354/500, Loss: 13.2141
Epoch 355/500, Loss: 13.3102
Epoch 356/500, Loss: 13.0619
Epoch 357/500, Loss: 13.2046
Epoch 358/500, Loss: 12.9548
Epoch 359/500, Loss: 13.3073
Epoch 360/500, Loss: 13.3129
Epoch 361/500, Loss: 13.1284
Epoch 362/500, Loss: 13.2687
Epoch 363/500, Loss: 13.4533
Epoch 364/500, Loss: 13.2313
Epoch 365/500, Loss: 13.1551
Epoch 366/500, Loss: 13.3369
Epoch 367/500, Loss: 13.0553
Epoch 368/500, Loss: 13.2945
Epoch 369/500, Loss: 12.9564
Epoch 370/500, Loss: 13.3793
Epoch 371/500, Loss: 13.0517
Epoch 372/500, Loss: 13.2300
Epoch 373/500, Loss: 13.2859
Epoch 374/500, Loss: 13.2474
Epoch 375/500, Loss: 13.0751
Epoch 376/500, Loss: 13.0683
Epoch 377/500, Loss: 13.1218
Epoch 378/500, Loss: 13.3466
Epoch 379/500, Loss: 13.1868
Epoch 380/500, Loss: 13.3676
Epoch 381/500, Loss: 13.2985
Epoch 382/500, Loss: 13.1072
Epoch 383/500, Loss: 13.0778
Epoch 384/500, Loss: 13.1354
Epoch 385/500, Loss: 13.2544
Epoch 386/500, Loss: 13.2054
Epoch 387/500, Loss: 13.0255
Epoch 388/500, Loss: 13.2972
Epoch 389/500, Loss: 13.1292
Epoch 390/500, Loss: 13.2257
Epoch 391/500, Loss: 13.2530
Epoch 392/500, Loss: 13.2934
Epoch 393/500, Loss: 13.2269
Epoch 394/500, Loss: 13.3334
Epoch 395/500, Loss: 13.1483
Epoch 396/500, Loss: 13.2625
Epoch 397/500, Loss: 13.2508
Epoch 398/500, Loss: 13.2134
Epoch 399/500, Loss: 13.0664
Epoch 400/500, Loss: 13.1181
Epoch 401/500, Loss: 12.6738
Epoch 402/500, Loss: 12.9066
Epoch 403/500, Loss: 13.2269
Epoch 404/500, Loss: 13.3302
Epoch 405/500, Loss: 12.9749
Epoch 406/500, Loss: 13.1674
Epoch 407/500, Loss: 13.1101
Epoch 408/500, Loss: 13.1276
Epoch 409/500, Loss: 13.1886
Epoch 410/500, Loss: 13.1475
Epoch 411/500, Loss: 13.1303
Epoch 412/500, Loss: 13.1603
Epoch 413/500, Loss: 13.2062
Epoch 414/500, Loss: 13.1300
Epoch 415/500, Loss: 12.8556
Epoch 416/500, Loss: 13.3158
Epoch 417/500, Loss: 13.1644
Epoch 418/500, Loss: 13.3751
Epoch 419/500, Loss: 13.3770
Epoch 420/500, Loss: 12.9694
Epoch 421/500, Loss: 12.7159
Epoch 422/500, Loss: 13.2622
Epoch 423/500, Loss: 13.2069
Epoch 424/500, Loss: 13.1219
Epoch 425/500, Loss: 13.1082
Epoch 426/500, Loss: 13.0309
Epoch 427/500, Loss: 13.2370
Epoch 428/500, Loss: 13.0641
Epoch 429/500, Loss: 13.0967
Epoch 430/500, Loss: 13.3244
Epoch 431/500, Loss: 13.7152
Epoch 432/500, Loss: 13.0294
Epoch 433/500, Loss: 13.3554
Epoch 434/500, Loss: 13.1626
Epoch 435/500, Loss: 13.2311
Epoch 436/500, Loss: 13.0203
Epoch 437/500, Loss: 13.2213
Epoch 438/500, Loss: 12.9986
Epoch 439/500, Loss: 13.1044
Epoch 440/500, Loss: 13.2536
Epoch 441/500, Loss: 13.1538
Epoch 442/500, Loss: 13.1929
Epoch 443/500, Loss: 13.2263
Epoch 444/500, Loss: 13.1656
Epoch 445/500, Loss: 13.1422
Epoch 446/500, Loss: 13.2075
Epoch 447/500, Loss: 13.0228
Epoch 448/500, Loss: 13.0685
Epoch 449/500, Loss: 12.9486
Epoch 450/500, Loss: 13.1402
Epoch 451/500, Loss: 13.0107
Epoch 452/500, Loss: 12.9079
Epoch 453/500, Loss: 13.5379
Epoch 454/500, Loss: 13.3350
Epoch 455/500, Loss: 13.2490
Epoch 456/500, Loss: 13.3587
Epoch 457/500, Loss: 13.1809
Epoch 458/500, Loss: 13.3180
Epoch 459/500, Loss: 13.1289
Epoch 460/500, Loss: 13.1787
Epoch 461/500, Loss: 12.9970
Epoch 462/500, Loss: 13.3250
Epoch 463/500, Loss: 13.5217
Epoch 464/500, Loss: 13.0566
Epoch 465/500, Loss: 13.1859
Epoch 466/500, Loss: 13.1608
Epoch 467/500, Loss: 13.0253
Epoch 468/500, Loss: 12.9765
Epoch 469/500, Loss: 13.1246
Epoch 470/500, Loss: 12.9515
Epoch 471/500, Loss: 13.0624
Epoch 472/500, Loss: 13.1287
Epoch 473/500, Loss: 13.1383
Epoch 474/500, Loss: 13.1348
Epoch 475/500, Loss: 13.1341
Epoch 476/500, Loss: 13.0388
Epoch 477/500, Loss: 13.0654
Epoch 478/500, Loss: 13.0087
Epoch 479/500, Loss: 12.9090
Epoch 480/500, Loss: 13.3153
Epoch 481/500, Loss: 13.1037
Epoch 482/500, Loss: 13.1175
Epoch 483/500, Loss: 13.2050
Epoch 484/500, Loss: 13.3066
Epoch 485/500, Loss: 12.7292
Epoch 486/500, Loss: 12.7484
Epoch 487/500, Loss: 13.2051
Epoch 488/500, Loss: 13.2164
Epoch 489/500, Loss: 13.2106
Epoch 490/500, Loss: 13.0301
Epoch 491/500, Loss: 13.1802
Epoch 492/500, Loss: 12.7508
Epoch 493/500, Loss: 13.2177
Epoch 494/500, Loss: 12.9892
Epoch 495/500, Loss: 13.0804
Epoch 496/500, Loss: 13.0932
Epoch 497/500, Loss: 13.1975
Epoch 498/500, Loss: 12.8818
Epoch 499/500, Loss: 12.8787
Epoch 500/500, Loss: 13.3781
Test MAE for filtered_15_days: 9.9153
Model for filtered_15_days saved at ./pytorch_model_filtered_15_days.pt

Processing window: filtered_30_days
Loading fine-tuned FinBERT model for filtered_30_days from finbert_output_30_days...
Epoch 1/500, Loss: 14.4106
Epoch 2/500, Loss: 14.0581
Epoch 3/500, Loss: 14.1299
Epoch 4/500, Loss: 13.5386
Epoch 5/500, Loss: 13.6138
Epoch 6/500, Loss: 13.8753
Epoch 7/500, Loss: 14.1632
Epoch 8/500, Loss: 13.5319
Epoch 9/500, Loss: 13.6985
Epoch 10/500, Loss: 13.3983
Epoch 11/500, Loss: 13.7780
Epoch 12/500, Loss: 14.0947
Epoch 13/500, Loss: 13.7764
Epoch 14/500, Loss: 13.7538
Epoch 15/500, Loss: 13.8961
Epoch 16/500, Loss: 13.7998
Epoch 17/500, Loss: 13.6568
Epoch 18/500, Loss: 13.6418
Epoch 19/500, Loss: 13.6718
Epoch 20/500, Loss: 14.1482
Epoch 21/500, Loss: 13.6725
Epoch 22/500, Loss: 13.4322
Epoch 23/500, Loss: 13.6641
Epoch 24/500, Loss: 13.7373
Epoch 25/500, Loss: 13.5826
Epoch 26/500, Loss: 13.4624
Epoch 27/500, Loss: 13.3492
Epoch 28/500, Loss: 13.7626
Epoch 29/500, Loss: 13.8781
Epoch 30/500, Loss: 13.7228
Epoch 31/500, Loss: 13.9059
Epoch 32/500, Loss: 13.2937
Epoch 33/500, Loss: 13.7822
Epoch 34/500, Loss: 13.7556
Epoch 35/500, Loss: 13.8772
Epoch 36/500, Loss: 13.3161
Epoch 37/500, Loss: 13.6865
Epoch 38/500, Loss: 13.9887
Epoch 39/500, Loss: 13.5719
Epoch 40/500, Loss: 14.2752
Epoch 41/500, Loss: 13.8701
Epoch 42/500, Loss: 13.8360
Epoch 43/500, Loss: 13.5461
Epoch 44/500, Loss: 13.6619
Epoch 45/500, Loss: 13.5585
Epoch 46/500, Loss: 13.8444
Epoch 47/500, Loss: 13.4903
Epoch 48/500, Loss: 13.6516
Epoch 49/500, Loss: 13.7150
Epoch 50/500, Loss: 13.7672
Epoch 51/500, Loss: 13.6273
Epoch 52/500, Loss: 13.5485
Epoch 53/500, Loss: 13.6806
Epoch 54/500, Loss: 13.5349
Epoch 55/500, Loss: 14.1433
Epoch 56/500, Loss: 13.7397
Epoch 57/500, Loss: 13.7920
Epoch 58/500, Loss: 13.5480
Epoch 59/500, Loss: 13.9525
Epoch 60/500, Loss: 13.3945
Epoch 61/500, Loss: 14.2877
Epoch 62/500, Loss: 14.0345
Epoch 63/500, Loss: 13.9627
Epoch 64/500, Loss: 13.6488
Epoch 65/500, Loss: 13.8620
Epoch 66/500, Loss: 13.9908
Epoch 67/500, Loss: 13.1991
Epoch 68/500, Loss: 13.5175
Epoch 69/500, Loss: 13.4425
Epoch 70/500, Loss: 13.4443
Epoch 71/500, Loss: 13.8376
Epoch 72/500, Loss: 13.2953
Epoch 73/500, Loss: 13.6382
Epoch 74/500, Loss: 13.1888
Epoch 75/500, Loss: 13.4823
Epoch 76/500, Loss: 13.1447
Epoch 77/500, Loss: 13.9528
Epoch 78/500, Loss: 13.2750
Epoch 79/500, Loss: 13.6484
Epoch 80/500, Loss: 13.4747
Epoch 81/500, Loss: 13.7214
Epoch 82/500, Loss: 13.8491
Epoch 83/500, Loss: 13.4507
Epoch 84/500, Loss: 13.5385
Epoch 85/500, Loss: 13.4145
Epoch 86/500, Loss: 13.9224
Epoch 87/500, Loss: 13.5150
Epoch 88/500, Loss: 13.1137
Epoch 89/500, Loss: 13.4199
Epoch 90/500, Loss: 13.1547
Epoch 91/500, Loss: 13.3098
Epoch 92/500, Loss: 13.2330
Epoch 93/500, Loss: 13.1417
Epoch 94/500, Loss: 13.0026
Epoch 95/500, Loss: 13.5562
Epoch 96/500, Loss: 13.4124
Epoch 97/500, Loss: 13.5158
Epoch 98/500, Loss: 13.4411
Epoch 99/500, Loss: 13.5729
Epoch 100/500, Loss: 13.2789
Epoch 101/500, Loss: 13.5876
Epoch 102/500, Loss: 13.1354
Epoch 103/500, Loss: 13.4605
Epoch 104/500, Loss: 13.5516
Epoch 105/500, Loss: 13.4499
Epoch 106/500, Loss: 13.4754
Epoch 107/500, Loss: 13.4101
Epoch 108/500, Loss: 13.5570
Epoch 109/500, Loss: 13.6292
Epoch 110/500, Loss: 13.6208
Epoch 111/500, Loss: 13.4914
Epoch 112/500, Loss: 13.3477
Epoch 113/500, Loss: 13.5137
Epoch 114/500, Loss: 13.3160
Epoch 115/500, Loss: 13.3358
Epoch 116/500, Loss: 13.2515
Epoch 117/500, Loss: 13.2148
Epoch 118/500, Loss: 12.9800
Epoch 119/500, Loss: 13.1990
Epoch 120/500, Loss: 13.0436
Epoch 121/500, Loss: 13.1684
Epoch 122/500, Loss: 13.2975
Epoch 123/500, Loss: 13.2350
Epoch 124/500, Loss: 12.9852
Epoch 125/500, Loss: 13.3573
Epoch 126/500, Loss: 13.1896
Epoch 127/500, Loss: 13.5726
Epoch 128/500, Loss: 13.2874
Epoch 129/500, Loss: 13.0118
Epoch 130/500, Loss: 13.3137
Epoch 131/500, Loss: 13.1216
Epoch 132/500, Loss: 13.2940
Epoch 133/500, Loss: 13.1442
Epoch 134/500, Loss: 13.4971
Epoch 135/500, Loss: 13.1719
Epoch 136/500, Loss: 12.9397
Epoch 137/500, Loss: 13.2886
Epoch 138/500, Loss: 13.2042
Epoch 139/500, Loss: 12.9972
Epoch 140/500, Loss: 13.1547
Epoch 141/500, Loss: 13.3977
Epoch 142/500, Loss: 13.1385
Epoch 143/500, Loss: 13.2615
Epoch 144/500, Loss: 13.0723
Epoch 145/500, Loss: 13.0041
Epoch 146/500, Loss: 13.2058
Epoch 147/500, Loss: 13.5266
Epoch 148/500, Loss: 13.5018
Epoch 149/500, Loss: 13.1811
Epoch 150/500, Loss: 13.0613
Epoch 151/500, Loss: 13.3133
Epoch 152/500, Loss: 13.3791
Epoch 153/500, Loss: 13.5267
Epoch 154/500, Loss: 13.2874
Epoch 155/500, Loss: 13.1850
Epoch 156/500, Loss: 13.2482
Epoch 157/500, Loss: 13.2503
Epoch 158/500, Loss: 13.1603
Epoch 159/500, Loss: 13.3368
Epoch 160/500, Loss: 13.0754
Epoch 161/500, Loss: 12.9690
Epoch 162/500, Loss: 13.0375
Epoch 163/500, Loss: 13.3209
Epoch 164/500, Loss: 13.0550
Epoch 165/500, Loss: 13.3143
Epoch 166/500, Loss: 13.2758
Epoch 167/500, Loss: 13.1668
Epoch 168/500, Loss: 13.1968
Epoch 169/500, Loss: 13.2376
Epoch 170/500, Loss: 13.3595
Epoch 171/500, Loss: 13.1673
Epoch 172/500, Loss: 13.1737
Epoch 173/500, Loss: 13.1653
Epoch 174/500, Loss: 13.0562
Epoch 175/500, Loss: 13.3665
Epoch 176/500, Loss: 13.4350
Epoch 177/500, Loss: 13.1413
Epoch 178/500, Loss: 13.1281
Epoch 179/500, Loss: 13.1514
Epoch 180/500, Loss: 13.1121
Epoch 181/500, Loss: 13.0608
Epoch 182/500, Loss: 13.5285
Epoch 183/500, Loss: 13.3990
Epoch 184/500, Loss: 13.1871
Epoch 185/500, Loss: 13.3830
Epoch 186/500, Loss: 13.4734
Epoch 187/500, Loss: 13.4429
Epoch 188/500, Loss: 13.6051
Epoch 189/500, Loss: 13.6485
Epoch 190/500, Loss: 13.4800
Epoch 191/500, Loss: 13.2059
Epoch 192/500, Loss: 13.0824
Epoch 193/500, Loss: 13.2891
Epoch 194/500, Loss: 13.5970
Epoch 195/500, Loss: 13.3699
Epoch 196/500, Loss: 13.3504
Epoch 197/500, Loss: 13.0634
Epoch 198/500, Loss: 13.3529
Epoch 199/500, Loss: 12.9841
Epoch 200/500, Loss: 13.1545
Epoch 201/500, Loss: 13.0987
Epoch 202/500, Loss: 13.5634
Epoch 203/500, Loss: 13.2905
Epoch 204/500, Loss: 13.3075
Epoch 205/500, Loss: 13.3978
Epoch 206/500, Loss: 13.1454
Epoch 207/500, Loss: 13.3846
Epoch 208/500, Loss: 13.6830
Epoch 209/500, Loss: 13.3534
Epoch 210/500, Loss: 13.2551
Epoch 211/500, Loss: 13.4087
Epoch 212/500, Loss: 13.1934
Epoch 213/500, Loss: 13.2090
Epoch 214/500, Loss: 13.5429
Epoch 215/500, Loss: 13.5958
Epoch 216/500, Loss: 13.5014
Epoch 217/500, Loss: 13.3857
Epoch 218/500, Loss: 13.4889
Epoch 219/500, Loss: 13.5265
Epoch 220/500, Loss: 13.5756
Epoch 221/500, Loss: 13.2627
Epoch 222/500, Loss: 13.3669
Epoch 223/500, Loss: 13.5643
Epoch 224/500, Loss: 13.4541
Epoch 225/500, Loss: 13.4129
Epoch 226/500, Loss: 13.4549
Epoch 227/500, Loss: 13.3667
Epoch 228/500, Loss: 13.4106
Epoch 229/500, Loss: 13.5098
Epoch 230/500, Loss: 13.3453
Epoch 231/500, Loss: 13.3782
Epoch 232/500, Loss: 13.4313
Epoch 233/500, Loss: 13.2749
Epoch 234/500, Loss: 13.1549
Epoch 235/500, Loss: 13.8810
Epoch 236/500, Loss: 13.3707
Epoch 237/500, Loss: 13.4019
Epoch 238/500, Loss: 13.2293
Epoch 239/500, Loss: 13.5209
Epoch 240/500, Loss: 13.0508
Epoch 241/500, Loss: 13.5224
Epoch 242/500, Loss: 13.4167
Epoch 243/500, Loss: 13.2957
Epoch 244/500, Loss: 13.5639
Epoch 245/500, Loss: 13.3054
Epoch 246/500, Loss: 13.2986
Epoch 247/500, Loss: 12.9941
Epoch 248/500, Loss: 13.0787
Epoch 249/500, Loss: 13.3507
Epoch 250/500, Loss: 13.1922
Epoch 251/500, Loss: 13.1318
Epoch 252/500, Loss: 13.2906
Epoch 253/500, Loss: 13.4136
Epoch 254/500, Loss: 13.2930
Epoch 255/500, Loss: 13.4250
Epoch 256/500, Loss: 13.3157
Epoch 257/500, Loss: 13.3873
Epoch 258/500, Loss: 13.1987
Epoch 259/500, Loss: 13.3528
Epoch 260/500, Loss: 13.3103
Epoch 261/500, Loss: 13.3878
Epoch 262/500, Loss: 13.2467
Epoch 263/500, Loss: 13.0656
Epoch 264/500, Loss: 13.3623
Epoch 265/500, Loss: 13.3277
Epoch 266/500, Loss: 13.4872
Epoch 267/500, Loss: 13.3150
Epoch 268/500, Loss: 13.3417
Epoch 269/500, Loss: 13.4587
Epoch 270/500, Loss: 13.4389
Epoch 271/500, Loss: 13.6108
Epoch 272/500, Loss: 13.3421
Epoch 273/500, Loss: 13.4283
Epoch 274/500, Loss: 13.2417
Epoch 275/500, Loss: 13.3745
Epoch 276/500, Loss: 13.2475
Epoch 277/500, Loss: 13.1561
Epoch 278/500, Loss: 13.4233
Epoch 279/500, Loss: 13.2362
Epoch 280/500, Loss: 13.0221
Epoch 281/500, Loss: 13.1429
Epoch 282/500, Loss: 13.4213
Epoch 283/500, Loss: 13.1930
Epoch 284/500, Loss: 13.3470
Epoch 285/500, Loss: 13.3846
Epoch 286/500, Loss: 13.3427
Epoch 287/500, Loss: 13.1852
Epoch 288/500, Loss: 13.2283
Epoch 289/500, Loss: 13.1744
Epoch 290/500, Loss: 13.3094
Epoch 291/500, Loss: 13.2306
Epoch 292/500, Loss: 13.3279
Epoch 293/500, Loss: 13.5053
Epoch 294/500, Loss: 13.2143
Epoch 295/500, Loss: 13.1049
Epoch 296/500, Loss: 13.4476
Epoch 297/500, Loss: 13.2357
Epoch 298/500, Loss: 13.1220
Epoch 299/500, Loss: 13.1693
Epoch 300/500, Loss: 13.4830
Epoch 301/500, Loss: 13.4574
Epoch 302/500, Loss: 13.2929
Epoch 303/500, Loss: 13.2332
Epoch 304/500, Loss: 13.1785
Epoch 305/500, Loss: 13.2216
Epoch 306/500, Loss: 13.2117
Epoch 307/500, Loss: 13.3116
Epoch 308/500, Loss: 13.3569
Epoch 309/500, Loss: 13.1208
Epoch 310/500, Loss: 13.2639
Epoch 311/500, Loss: 13.0284
Epoch 312/500, Loss: 13.1595
Epoch 313/500, Loss: 13.2090
Epoch 314/500, Loss: 13.3013
Epoch 315/500, Loss: 13.3891
Epoch 316/500, Loss: 13.2075
Epoch 317/500, Loss: 13.3219
Epoch 318/500, Loss: 13.3241
Epoch 319/500, Loss: 13.2784
Epoch 320/500, Loss: 13.2697
Epoch 321/500, Loss: 13.2765
Epoch 322/500, Loss: 13.2845
Epoch 323/500, Loss: 13.2312
Epoch 324/500, Loss: 13.2711
Epoch 325/500, Loss: 13.2158
Epoch 326/500, Loss: 13.2769
Epoch 327/500, Loss: 13.1321
Epoch 328/500, Loss: 13.3439
Epoch 329/500, Loss: 13.2426
Epoch 330/500, Loss: 13.3615
Epoch 331/500, Loss: 13.4800
Epoch 332/500, Loss: 13.1934
Epoch 333/500, Loss: 13.1529
Epoch 334/500, Loss: 13.1184
Epoch 335/500, Loss: 13.4572
Epoch 336/500, Loss: 13.3975
Epoch 337/500, Loss: 13.0941
Epoch 338/500, Loss: 13.3397
Epoch 339/500, Loss: 13.0448
Epoch 340/500, Loss: 13.1188
Epoch 341/500, Loss: 13.1943
Epoch 342/500, Loss: 13.2115
Epoch 343/500, Loss: 13.1019
Epoch 344/500, Loss: 13.3024
Epoch 345/500, Loss: 13.3722
Epoch 346/500, Loss: 13.2319
Epoch 347/500, Loss: 13.1503
Epoch 348/500, Loss: 13.2679
Epoch 349/500, Loss: 13.1838
Epoch 350/500, Loss: 13.1083
Epoch 351/500, Loss: 13.5248
Epoch 352/500, Loss: 13.3207
Epoch 353/500, Loss: 12.9351
Epoch 354/500, Loss: 13.2361
Epoch 355/500, Loss: 13.2714
Epoch 356/500, Loss: 13.4344
Epoch 357/500, Loss: 13.2257
Epoch 358/500, Loss: 13.0359
Epoch 359/500, Loss: 13.2371
Epoch 360/500, Loss: 13.3345
Epoch 361/500, Loss: 13.1423
Epoch 362/500, Loss: 13.1696
Epoch 363/500, Loss: 13.2199
Epoch 364/500, Loss: 13.1255
Epoch 365/500, Loss: 13.3142
Epoch 366/500, Loss: 13.2206
Epoch 367/500, Loss: 13.5017
Epoch 368/500, Loss: 13.1709
Epoch 369/500, Loss: 13.3782
Epoch 370/500, Loss: 13.0992
Epoch 371/500, Loss: 13.4743
Epoch 372/500, Loss: 13.1170
Epoch 373/500, Loss: 13.0272
Epoch 374/500, Loss: 13.3319
Epoch 375/500, Loss: 13.6205
Epoch 376/500, Loss: 13.1370
Epoch 377/500, Loss: 13.2113
Epoch 378/500, Loss: 12.9602
Epoch 379/500, Loss: 13.0401
Epoch 380/500, Loss: 13.4246
Epoch 381/500, Loss: 13.2437
Epoch 382/500, Loss: 13.0482
Epoch 383/500, Loss: 13.0525
Epoch 384/500, Loss: 13.1747
Epoch 385/500, Loss: 13.4446
Epoch 386/500, Loss: 13.3006
Epoch 387/500, Loss: 13.3926
Epoch 388/500, Loss: 13.1647
Epoch 389/500, Loss: 13.1463
Epoch 390/500, Loss: 13.3007
Epoch 391/500, Loss: 13.4785
Epoch 392/500, Loss: 13.3673
Epoch 393/500, Loss: 13.0682
Epoch 394/500, Loss: 13.1797
Epoch 395/500, Loss: 13.4396
Epoch 396/500, Loss: 13.3689
Epoch 397/500, Loss: 13.4022
Epoch 398/500, Loss: 13.1200
Epoch 399/500, Loss: 13.1189
Epoch 400/500, Loss: 13.4321
Epoch 401/500, Loss: 12.7900
Epoch 402/500, Loss: 13.4260
Epoch 403/500, Loss: 13.0760
Epoch 404/500, Loss: 13.2317
Epoch 405/500, Loss: 13.3187
Epoch 406/500, Loss: 13.2863
Epoch 407/500, Loss: 13.3356
Epoch 408/500, Loss: 13.1525
Epoch 409/500, Loss: 13.1494
Epoch 410/500, Loss: 13.3102
Epoch 411/500, Loss: 13.2129
Epoch 412/500, Loss: 13.4304
Epoch 413/500, Loss: 13.3625
Epoch 414/500, Loss: 13.5410
Epoch 415/500, Loss: 13.6681
Epoch 416/500, Loss: 13.6905
Epoch 417/500, Loss: 13.6704
Epoch 418/500, Loss: 13.6754
Epoch 419/500, Loss: 13.7203
Epoch 420/500, Loss: 13.6787
Epoch 421/500, Loss: 13.7069
Epoch 422/500, Loss: 13.6944
Epoch 423/500, Loss: 13.7762
Epoch 424/500, Loss: 13.6495
Epoch 425/500, Loss: 13.6257
Epoch 426/500, Loss: 13.7412
Epoch 427/500, Loss: 13.7272
Epoch 428/500, Loss: 13.7884
Epoch 429/500, Loss: 13.6192
Epoch 430/500, Loss: 13.6889
Epoch 431/500, Loss: 13.6202
Epoch 432/500, Loss: 13.6018
Epoch 433/500, Loss: 13.6362
Epoch 434/500, Loss: 13.6297
Epoch 435/500, Loss: 13.6608
Epoch 436/500, Loss: 13.6164
Epoch 437/500, Loss: 13.6734
Epoch 438/500, Loss: 13.6459
Epoch 439/500, Loss: 13.6109
Epoch 440/500, Loss: 13.6450
Epoch 441/500, Loss: 13.7770
Epoch 442/500, Loss: 13.6500
Epoch 443/500, Loss: 13.6546
Epoch 444/500, Loss: 13.6456
Epoch 445/500, Loss: 13.7280
Epoch 446/500, Loss: 13.6500
Epoch 447/500, Loss: 13.6882
Epoch 448/500, Loss: 13.7465
Epoch 449/500, Loss: 13.6572
Epoch 450/500, Loss: 13.6078
Epoch 451/500, Loss: 13.5931
Epoch 452/500, Loss: 13.7248
Epoch 453/500, Loss: 13.7516
Epoch 454/500, Loss: 13.7370
Epoch 455/500, Loss: 13.6833
Epoch 456/500, Loss: 13.6319
Epoch 457/500, Loss: 13.7188
Epoch 458/500, Loss: 13.7003
Epoch 459/500, Loss: 13.6502
Epoch 460/500, Loss: 13.6781
Epoch 461/500, Loss: 13.6731
Epoch 462/500, Loss: 13.7295
Epoch 463/500, Loss: 13.6706
Epoch 464/500, Loss: 13.6324
Epoch 465/500, Loss: 13.6967
Epoch 466/500, Loss: 13.6650
Epoch 467/500, Loss: 13.6182
Epoch 468/500, Loss: 13.7054
Epoch 469/500, Loss: 13.7432
Epoch 470/500, Loss: 13.7182
Epoch 471/500, Loss: 13.7990
Epoch 472/500, Loss: 13.7008
Epoch 473/500, Loss: 13.6758
Epoch 474/500, Loss: 13.5594
Epoch 475/500, Loss: 13.6705
Epoch 476/500, Loss: 13.6811
Epoch 477/500, Loss: 13.6167
Epoch 478/500, Loss: 13.6890
Epoch 479/500, Loss: 13.7143
Epoch 480/500, Loss: 13.6595
Epoch 481/500, Loss: 13.5928
Epoch 482/500, Loss: 13.6576
Epoch 483/500, Loss: 13.6758
Epoch 484/500, Loss: 13.7180
Epoch 485/500, Loss: 13.6452
Epoch 486/500, Loss: 13.6375
Epoch 487/500, Loss: 13.6866
Epoch 488/500, Loss: 13.6483
Epoch 489/500, Loss: 13.6853
Epoch 490/500, Loss: 13.7535
Epoch 491/500, Loss: 13.6750
Epoch 492/500, Loss: 13.6325
Epoch 493/500, Loss: 13.6989
Epoch 494/500, Loss: 13.6636
Epoch 495/500, Loss: 13.6605
Epoch 496/500, Loss: 13.6391
Epoch 497/500, Loss: 13.7238
Epoch 498/500, Loss: 13.6509
Epoch 499/500, Loss: 13.6192
Epoch 500/500, Loss: 13.6849
Test MAE for filtered_30_days: 10.3064
Model for filtered_30_days saved at ./pytorch_model_filtered_30_days.pt

Processing window: filtered_90_days
Loading fine-tuned FinBERT model for filtered_90_days from finbert_output_90_days...
Epoch 1/500, Loss: 14.4601
Epoch 2/500, Loss: 13.6660
Epoch 3/500, Loss: 13.8692
Epoch 4/500, Loss: 13.6627
Epoch 5/500, Loss: 14.0455
Epoch 6/500, Loss: 13.9887
Epoch 7/500, Loss: 13.7099
Epoch 8/500, Loss: 14.1698
Epoch 9/500, Loss: 13.9230
Epoch 10/500, Loss: 13.7027
Epoch 11/500, Loss: 14.1440
Epoch 12/500, Loss: 13.8267
Epoch 13/500, Loss: 14.1291
Epoch 14/500, Loss: 14.0962
Epoch 15/500, Loss: 14.2086
Epoch 16/500, Loss: 14.8753
Epoch 17/500, Loss: 13.9455
Epoch 18/500, Loss: 14.1857
Epoch 19/500, Loss: 14.0915
Epoch 20/500, Loss: 13.3279
Epoch 21/500, Loss: 13.8270
Epoch 22/500, Loss: 13.8564
Epoch 23/500, Loss: 13.5692
Epoch 24/500, Loss: 13.7310
Epoch 25/500, Loss: 14.0449
Epoch 26/500, Loss: 13.8511
Epoch 27/500, Loss: 13.9046
Epoch 28/500, Loss: 14.1866
Epoch 29/500, Loss: 13.4183
Epoch 30/500, Loss: 13.4322
Epoch 31/500, Loss: 13.5286
Epoch 32/500, Loss: 14.2444
Epoch 33/500, Loss: 13.4559
Epoch 34/500, Loss: 13.7763
Epoch 35/500, Loss: 13.8798
Epoch 36/500, Loss: 13.7972
Epoch 37/500, Loss: 13.7889
Epoch 38/500, Loss: 14.5827
Epoch 39/500, Loss: 13.7558
Epoch 40/500, Loss: 13.4688
Epoch 41/500, Loss: 13.7834
Epoch 42/500, Loss: 13.5138
Epoch 43/500, Loss: 13.6571
Epoch 44/500, Loss: 13.5437
Epoch 45/500, Loss: 13.3834
Epoch 46/500, Loss: 13.9302
Epoch 47/500, Loss: 13.7616
Epoch 48/500, Loss: 13.5974
Epoch 49/500, Loss: 13.2338
Epoch 50/500, Loss: 13.6756
Epoch 51/500, Loss: 13.5014
Epoch 52/500, Loss: 13.7600
Epoch 53/500, Loss: 13.2853
Epoch 54/500, Loss: 13.5229
Epoch 55/500, Loss: 13.5563
Epoch 56/500, Loss: 13.5736
Epoch 57/500, Loss: 13.8260
Epoch 58/500, Loss: 14.0343
Epoch 59/500, Loss: 13.5671
Epoch 60/500, Loss: 13.6102
Epoch 61/500, Loss: 13.5719
Epoch 62/500, Loss: 13.2546
Epoch 63/500, Loss: 13.1833
Epoch 64/500, Loss: 13.7629
Epoch 65/500, Loss: 13.4008
Epoch 66/500, Loss: 13.3157
Epoch 67/500, Loss: 13.2445
Epoch 68/500, Loss: 13.5650
Epoch 69/500, Loss: 14.1086
Epoch 70/500, Loss: 13.4824
Epoch 71/500, Loss: 13.7264
Epoch 72/500, Loss: 13.5162
Epoch 73/500, Loss: 13.4975
Epoch 74/500, Loss: 13.3375
Epoch 75/500, Loss: 13.6087
Epoch 76/500, Loss: 13.3780
Epoch 77/500, Loss: 13.7380
Epoch 78/500, Loss: 13.7702
Epoch 79/500, Loss: 13.6814
Epoch 80/500, Loss: 13.4782
Epoch 81/500, Loss: 13.6853
Epoch 82/500, Loss: 13.4375
Epoch 83/500, Loss: 13.8504
Epoch 84/500, Loss: 13.4891
Epoch 85/500, Loss: 13.6372
Epoch 86/500, Loss: 13.1256
Epoch 87/500, Loss: 13.6041
Epoch 88/500, Loss: 13.2356
Epoch 89/500, Loss: 13.8429
Epoch 90/500, Loss: 13.4744
Epoch 91/500, Loss: 13.1851
Epoch 92/500, Loss: 13.5048
Epoch 93/500, Loss: 13.5707
Epoch 94/500, Loss: 13.9429
Epoch 95/500, Loss: 13.5724
Epoch 96/500, Loss: 13.3254
Epoch 97/500, Loss: 13.3214
Epoch 98/500, Loss: 13.4963
Epoch 99/500, Loss: 13.3890
Epoch 100/500, Loss: 13.3836
Epoch 101/500, Loss: 13.2484
Epoch 102/500, Loss: 13.1950
Epoch 103/500, Loss: 13.3489
Epoch 104/500, Loss: 13.2752
Epoch 105/500, Loss: 13.1546
Epoch 106/500, Loss: 13.4935
Epoch 107/500, Loss: 13.3757
Epoch 108/500, Loss: 13.5143
Epoch 109/500, Loss: 13.5405
Epoch 110/500, Loss: 13.4428
Epoch 111/500, Loss: 13.1723
Epoch 112/500, Loss: 13.6398
Epoch 113/500, Loss: 13.4036
Epoch 114/500, Loss: 13.3864
Epoch 115/500, Loss: 13.1527
Epoch 116/500, Loss: 13.1451
Epoch 117/500, Loss: 13.1244
Epoch 118/500, Loss: 13.5055
Epoch 119/500, Loss: 13.0824
Epoch 120/500, Loss: 13.2281
Epoch 121/500, Loss: 13.1397
Epoch 122/500, Loss: 13.2074
Epoch 123/500, Loss: 13.3339
Epoch 124/500, Loss: 13.4397
Epoch 125/500, Loss: 13.4957
Epoch 126/500, Loss: 13.0207
Epoch 127/500, Loss: 13.3727
Epoch 128/500, Loss: 13.1523
Epoch 129/500, Loss: 13.4375
Epoch 130/500, Loss: 13.2145
Epoch 131/500, Loss: 13.4268
Epoch 132/500, Loss: 13.3296
Epoch 133/500, Loss: 13.3181
Epoch 134/500, Loss: 12.9454
Epoch 135/500, Loss: 13.2666
Epoch 136/500, Loss: 13.2014
Epoch 137/500, Loss: 13.3153
Epoch 138/500, Loss: 13.2456
Epoch 139/500, Loss: 13.2841
Epoch 140/500, Loss: 13.3057
Epoch 141/500, Loss: 13.2080
Epoch 142/500, Loss: 13.1877
Epoch 143/500, Loss: 12.8761
Epoch 144/500, Loss: 13.1764
Epoch 145/500, Loss: 13.2629
Epoch 146/500, Loss: 13.4331
Epoch 147/500, Loss: 13.1789
Epoch 148/500, Loss: 13.3042
Epoch 149/500, Loss: 13.1869
Epoch 150/500, Loss: 13.3792
Epoch 151/500, Loss: 13.1869
Epoch 152/500, Loss: 12.9500
Epoch 153/500, Loss: 13.1655
Epoch 154/500, Loss: 13.1512
Epoch 155/500, Loss: 13.0619
Epoch 156/500, Loss: 13.1808
Epoch 157/500, Loss: 13.1664
Epoch 158/500, Loss: 13.1548
Epoch 159/500, Loss: 13.3346
Epoch 160/500, Loss: 13.2846
Epoch 161/500, Loss: 13.3291
Epoch 162/500, Loss: 13.1510
Epoch 163/500, Loss: 13.0889
Epoch 164/500, Loss: 12.9725
Epoch 165/500, Loss: 13.4204
Epoch 166/500, Loss: 13.4049
Epoch 167/500, Loss: 13.1163
Epoch 168/500, Loss: 13.4652
Epoch 169/500, Loss: 13.4516
Epoch 170/500, Loss: 13.2251
Epoch 171/500, Loss: 12.9979
Epoch 172/500, Loss: 13.0813
Epoch 173/500, Loss: 13.1868
Epoch 174/500, Loss: 13.0839
Epoch 175/500, Loss: 13.0939
Epoch 176/500, Loss: 13.1617
Epoch 177/500, Loss: 13.1613
Epoch 178/500, Loss: 13.2392
Epoch 179/500, Loss: 13.3973
Epoch 180/500, Loss: 13.0670
Epoch 181/500, Loss: 13.1238
Epoch 182/500, Loss: 13.1834
Epoch 183/500, Loss: 13.4817
Epoch 184/500, Loss: 13.0818
Epoch 185/500, Loss: 13.2697
Epoch 186/500, Loss: 13.2276
Epoch 187/500, Loss: 13.2113
Epoch 188/500, Loss: 13.2517
Epoch 189/500, Loss: 13.3061
Epoch 190/500, Loss: 13.2634
Epoch 191/500, Loss: 13.0706
Epoch 192/500, Loss: 12.9883
Epoch 193/500, Loss: 13.3907
Epoch 194/500, Loss: 13.4925
Epoch 195/500, Loss: 13.4112
Epoch 196/500, Loss: 13.1932
Epoch 197/500, Loss: 13.3020
Epoch 198/500, Loss: 13.1706
Epoch 199/500, Loss: 13.0829
Epoch 200/500, Loss: 13.1118
Epoch 201/500, Loss: 13.2590
Epoch 202/500, Loss: 13.1258
Epoch 203/500, Loss: 13.0397
Epoch 204/500, Loss: 13.2368
Epoch 205/500, Loss: 13.0230
Epoch 206/500, Loss: 13.3596
Epoch 207/500, Loss: 13.3548
Epoch 208/500, Loss: 13.2822
Epoch 209/500, Loss: 13.1542
Epoch 210/500, Loss: 12.8577
Epoch 211/500, Loss: 13.2100
Epoch 212/500, Loss: 13.1329
Epoch 213/500, Loss: 13.4713
Epoch 214/500, Loss: 13.1236
Epoch 215/500, Loss: 13.2119
Epoch 216/500, Loss: 13.1879
Epoch 217/500, Loss: 13.4658
Epoch 218/500, Loss: 13.1081
Epoch 219/500, Loss: 13.2041
Epoch 220/500, Loss: 13.0530
Epoch 221/500, Loss: 13.1626
Epoch 222/500, Loss: 13.2675
Epoch 223/500, Loss: 12.9889
Epoch 224/500, Loss: 13.0144
Epoch 225/500, Loss: 13.4011
Epoch 226/500, Loss: 13.1427
Epoch 227/500, Loss: 12.9724
Epoch 228/500, Loss: 12.9984
Epoch 229/500, Loss: 13.3088
Epoch 230/500, Loss: 13.1798
Epoch 231/500, Loss: 13.1767
Epoch 232/500, Loss: 13.1875
Epoch 233/500, Loss: 13.2194
Epoch 234/500, Loss: 13.2371
Epoch 235/500, Loss: 13.2039
Epoch 236/500, Loss: 13.3161
Epoch 237/500, Loss: 13.4401
Epoch 238/500, Loss: 13.4200
Epoch 239/500, Loss: 13.2769
Epoch 240/500, Loss: 13.3031
Epoch 241/500, Loss: 13.3459
Epoch 242/500, Loss: 12.9531
Epoch 243/500, Loss: 13.3278
Epoch 244/500, Loss: 13.0431
Epoch 245/500, Loss: 12.9449
Epoch 246/500, Loss: 13.0790
Epoch 247/500, Loss: 13.0122
Epoch 248/500, Loss: 13.2311
Epoch 249/500, Loss: 13.0375
Epoch 250/500, Loss: 13.0782
Epoch 251/500, Loss: 13.1060
Epoch 252/500, Loss: 13.2260
Epoch 253/500, Loss: 13.3030
Epoch 254/500, Loss: 13.1957
Epoch 255/500, Loss: 13.0766
Epoch 256/500, Loss: 13.0789
Epoch 257/500, Loss: 13.4116
Epoch 258/500, Loss: 13.4251
Epoch 259/500, Loss: 13.1544
Epoch 260/500, Loss: 13.1923
Epoch 261/500, Loss: 13.1824
Epoch 262/500, Loss: 13.1623
Epoch 263/500, Loss: 13.5060
Epoch 264/500, Loss: 13.1019
Epoch 265/500, Loss: 13.1950
Epoch 266/500, Loss: 13.0831
Epoch 267/500, Loss: 13.2141
Epoch 268/500, Loss: 12.9377
Epoch 269/500, Loss: 13.1618
Epoch 270/500, Loss: 13.2556
Epoch 271/500, Loss: 13.1256
Epoch 272/500, Loss: 12.8605
Epoch 273/500, Loss: 13.1988
Epoch 274/500, Loss: 13.0820
Epoch 275/500, Loss: 12.9865
Epoch 276/500, Loss: 13.2559
Epoch 277/500, Loss: 13.4124
Epoch 278/500, Loss: 13.1228
Epoch 279/500, Loss: 13.1827
Epoch 280/500, Loss: 13.1264
Epoch 281/500, Loss: 13.1197
Epoch 282/500, Loss: 13.0551
Epoch 283/500, Loss: 13.2240
Epoch 284/500, Loss: 13.0892
Epoch 285/500, Loss: 13.3508
Epoch 286/500, Loss: 13.1004
Epoch 287/500, Loss: 13.3938
Epoch 288/500, Loss: 13.1493
Epoch 289/500, Loss: 13.3266
Epoch 290/500, Loss: 13.0325
Epoch 291/500, Loss: 13.3897
Epoch 292/500, Loss: 13.0425
Epoch 293/500, Loss: 13.4098
Epoch 294/500, Loss: 13.2396
Epoch 295/500, Loss: 13.5067
Epoch 296/500, Loss: 13.3296
Epoch 297/500, Loss: 13.4225
Epoch 298/500, Loss: 13.3955
Epoch 299/500, Loss: 13.3452
Epoch 300/500, Loss: 13.2195
Epoch 301/500, Loss: 13.4624
Epoch 302/500, Loss: 13.4765
Epoch 303/500, Loss: 13.3742
Epoch 304/500, Loss: 13.4929
Epoch 305/500, Loss: 13.2502
Epoch 306/500, Loss: 13.3693
Epoch 307/500, Loss: 13.3652
Epoch 308/500, Loss: 13.3071
Epoch 309/500, Loss: 13.2116
Epoch 310/500, Loss: 13.2550
Epoch 311/500, Loss: 13.1958
Epoch 312/500, Loss: 13.4233
Epoch 313/500, Loss: 13.3437
Epoch 314/500, Loss: 13.4117
Epoch 315/500, Loss: 13.3624
Epoch 316/500, Loss: 13.3397
Epoch 317/500, Loss: 13.3874
Epoch 318/500, Loss: 13.3230
Epoch 319/500, Loss: 13.5104
Epoch 320/500, Loss: 13.3817
Epoch 321/500, Loss: 13.2914
Epoch 322/500, Loss: 13.2686
Epoch 323/500, Loss: 13.4506
Epoch 324/500, Loss: 13.1561
Epoch 325/500, Loss: 13.4647
Epoch 326/500, Loss: 13.3055
Epoch 327/500, Loss: 13.2912
Epoch 328/500, Loss: 13.3883
Epoch 329/500, Loss: 13.2731
Epoch 330/500, Loss: 13.2676
Epoch 331/500, Loss: 13.4736
Epoch 332/500, Loss: 13.2893
Epoch 333/500, Loss: 13.5741
Epoch 334/500, Loss: 13.1444
Epoch 335/500, Loss: 13.4317
Epoch 336/500, Loss: 13.6175
Epoch 337/500, Loss: 13.5347
Epoch 338/500, Loss: 13.1929
Epoch 339/500, Loss: 13.5249
Epoch 340/500, Loss: 13.4630
Epoch 341/500, Loss: 13.5452
Epoch 342/500, Loss: 13.4004
Epoch 343/500, Loss: 13.3435
Epoch 344/500, Loss: 13.3376
Epoch 345/500, Loss: 13.6757
Epoch 346/500, Loss: 13.3360
Epoch 347/500, Loss: 13.5801
Epoch 348/500, Loss: 13.4373
Epoch 349/500, Loss: 13.3832
Epoch 350/500, Loss: 13.4492
Epoch 351/500, Loss: 13.2640
Epoch 352/500, Loss: 13.3045
Epoch 353/500, Loss: 13.1518
Epoch 354/500, Loss: 13.5177
Epoch 355/500, Loss: 13.4914
Epoch 356/500, Loss: 13.5748
Epoch 357/500, Loss: 13.5832
Epoch 358/500, Loss: 13.6986
Epoch 359/500, Loss: 13.4273
Epoch 360/500, Loss: 13.6851
Epoch 361/500, Loss: 13.4543
Epoch 362/500, Loss: 13.4250
Epoch 363/500, Loss: 13.5571
Epoch 364/500, Loss: 13.6022
Epoch 365/500, Loss: 13.4366
Epoch 366/500, Loss: 13.3431
Epoch 367/500, Loss: 13.4183
Epoch 368/500, Loss: 13.4108
Epoch 369/500, Loss: 13.5453
Epoch 370/500, Loss: 13.4778
Epoch 371/500, Loss: 13.4893
Epoch 372/500, Loss: 13.5405
Epoch 373/500, Loss: 13.6969
Epoch 374/500, Loss: 13.5213
Epoch 375/500, Loss: 13.4689
Epoch 376/500, Loss: 13.4716
Epoch 377/500, Loss: 13.4637
Epoch 378/500, Loss: 13.4862
Epoch 379/500, Loss: 13.6679
Epoch 380/500, Loss: 13.4667
Epoch 381/500, Loss: 13.3979
Epoch 382/500, Loss: 13.5393
Epoch 383/500, Loss: 13.4004
Epoch 384/500, Loss: 13.3254
Epoch 385/500, Loss: 13.4528
Epoch 386/500, Loss: 13.6694
Epoch 387/500, Loss: 13.4496
Epoch 388/500, Loss: 13.5903
Epoch 389/500, Loss: 13.7933
Epoch 390/500, Loss: 13.6237
Epoch 391/500, Loss: 13.6602
Epoch 392/500, Loss: 13.6862
Epoch 393/500, Loss: 13.6793
Epoch 394/500, Loss: 13.6998
Epoch 395/500, Loss: 13.6556
Epoch 396/500, Loss: 13.6722
Epoch 397/500, Loss: 13.6964
Epoch 398/500, Loss: 13.7089
Epoch 399/500, Loss: 13.6503
Epoch 400/500, Loss: 13.6282
Epoch 401/500, Loss: 13.6863
Epoch 402/500, Loss: 13.6927
Epoch 403/500, Loss: 13.6737
Epoch 404/500, Loss: 13.6586
Epoch 405/500, Loss: 13.6716
Epoch 406/500, Loss: 13.6945
Epoch 407/500, Loss: 13.6261
Epoch 408/500, Loss: 13.6506
Epoch 409/500, Loss: 13.6551
Epoch 410/500, Loss: 13.7110
Epoch 411/500, Loss: 13.6405
Epoch 412/500, Loss: 13.5827
Epoch 413/500, Loss: 13.6669
Epoch 414/500, Loss: 13.6325
Epoch 415/500, Loss: 13.6941
Epoch 416/500, Loss: 13.7045
Epoch 417/500, Loss: 13.7855
Epoch 418/500, Loss: 13.6673
Epoch 419/500, Loss: 13.6407
Epoch 420/500, Loss: 13.6652
Epoch 421/500, Loss: 13.5947
Epoch 422/500, Loss: 13.7103
Epoch 423/500, Loss: 13.8001
Epoch 424/500, Loss: 13.7462
Epoch 425/500, Loss: 13.7309
Epoch 426/500, Loss: 13.6237
Epoch 427/500, Loss: 13.6789
Epoch 428/500, Loss: 13.6246
Epoch 429/500, Loss: 13.5922
Epoch 430/500, Loss: 13.6676
Epoch 431/500, Loss: 13.6558
Epoch 432/500, Loss: 13.7076
Epoch 433/500, Loss: 13.5649
Epoch 434/500, Loss: 13.7092
Epoch 435/500, Loss: 13.6953
Epoch 436/500, Loss: 13.6863
Epoch 437/500, Loss: 13.6372
Epoch 438/500, Loss: 13.7205
Epoch 439/500, Loss: 13.7459
Epoch 440/500, Loss: 13.6539
Epoch 441/500, Loss: 13.6967
Epoch 442/500, Loss: 13.7351
Epoch 443/500, Loss: 13.6458
Epoch 444/500, Loss: 13.7349
Epoch 445/500, Loss: 13.7711
Epoch 446/500, Loss: 13.6617
Epoch 447/500, Loss: 13.6384
Epoch 448/500, Loss: 13.6762
Epoch 449/500, Loss: 13.6914
Epoch 450/500, Loss: 13.6687
Epoch 451/500, Loss: 13.6134
Epoch 452/500, Loss: 13.6691
Epoch 453/500, Loss: 13.6157
Epoch 454/500, Loss: 13.6030
Epoch 455/500, Loss: 13.6499
Epoch 456/500, Loss: 13.6132
Epoch 457/500, Loss: 13.6251
Epoch 458/500, Loss: 13.6750
Epoch 459/500, Loss: 13.7117
Epoch 460/500, Loss: 13.6195
Epoch 461/500, Loss: 13.7217
Epoch 462/500, Loss: 13.6065
Epoch 463/500, Loss: 13.6906
Epoch 464/500, Loss: 13.6998
Epoch 465/500, Loss: 13.6084
Epoch 466/500, Loss: 13.6627
Epoch 467/500, Loss: 13.6606
Epoch 468/500, Loss: 13.7279
Epoch 469/500, Loss: 13.6650
Epoch 470/500, Loss: 13.6838
Epoch 471/500, Loss: 13.6935
Epoch 472/500, Loss: 13.7039
Epoch 473/500, Loss: 13.6889
Epoch 474/500, Loss: 13.5877
Epoch 475/500, Loss: 13.6008
Epoch 476/500, Loss: 13.6159
Epoch 477/500, Loss: 13.6131
Epoch 478/500, Loss: 13.6911
Epoch 479/500, Loss: 13.6843
Epoch 480/500, Loss: 13.7690
Epoch 481/500, Loss: 13.6186
Epoch 482/500, Loss: 13.6121
Epoch 483/500, Loss: 13.6922
Epoch 484/500, Loss: 13.7017
Epoch 485/500, Loss: 13.6953
Epoch 486/500, Loss: 13.6277
Epoch 487/500, Loss: 13.6956
Epoch 488/500, Loss: 13.6536
Epoch 489/500, Loss: 13.6651
Epoch 490/500, Loss: 13.6779
Epoch 491/500, Loss: 13.6709
Epoch 492/500, Loss: 13.7196
Epoch 493/500, Loss: 13.7148
Epoch 494/500, Loss: 13.6588
Epoch 495/500, Loss: 13.6572
Epoch 496/500, Loss: 13.6866
Epoch 497/500, Loss: 13.6477
Epoch 498/500, Loss: 13.6615
Epoch 499/500, Loss: 13.6908
Epoch 500/500, Loss: 13.6621
Test MAE for filtered_90_days: 10.2797
Model for filtered_90_days saved at ./pytorch_model_filtered_90_days.pt
